[1.475s] DEBUG:colcon:Command line arguments: ['/home/imsmind/.local/bin/colcon', 'build']
[1.476s] DEBUG:colcon:Parsed command line arguments: Namespace(ament_cmake_args=None, base_paths=['.'], build_base='build', catkin_cmake_args=None, catkin_skip_building_tests=False, cmake_args=None, cmake_clean_cache=False, cmake_clean_first=False, cmake_force_configure=False, cmake_target=None, cmake_target_skip_unavailable=False, continue_on_error=False, event_handlers=None, executor='parallel', ignore_user_meta=False, install_base='install', log_base=None, log_level=None, main=<bound method BuildVerb.main of <colcon_core.verb.build.BuildVerb object at 0x7f188d2f7588>>, merge_install=False, metas=['./colcon.meta'], packages_above=None, packages_above_and_dependencies=None, packages_above_depth=None, packages_end=None, packages_ignore=None, packages_ignore_regex=None, packages_select=None, packages_select_build_failed=False, packages_select_by_dep=None, packages_select_regex=None, packages_select_test_failures=False, packages_skip=None, packages_skip_build_finished=False, packages_skip_by_dep=None, packages_skip_regex=None, packages_skip_test_passed=False, packages_skip_up_to=None, packages_start=None, packages_up_to=None, packages_up_to_regex=None, parallel_workers=4, paths=None, symlink_install=False, test_result_base=None, verb_extension=<colcon_core.verb.build.BuildVerb object at 0x7f188d2f7588>, verb_name='build', verb_parser=<colcon_defaults.argument_parser.defaults.DefaultArgumentsDecorator object at 0x7f188d2f7908>)
[1.539s] Level 1:colcon.colcon_core.package_discovery:discover_packages(colcon_meta) check parameters
[1.539s] Level 1:colcon.colcon_core.package_discovery:discover_packages(recursive) check parameters
[1.539s] Level 1:colcon.colcon_core.package_discovery:discover_packages(ignore) check parameters
[1.539s] Level 1:colcon.colcon_core.package_discovery:discover_packages(path) check parameters
[1.539s] Level 1:colcon.colcon_core.package_discovery:discover_packages(colcon_meta) discover
[1.540s] Level 1:colcon.colcon_core.package_discovery:discover_packages(recursive) discover
[1.540s] INFO:colcon.colcon_core.package_discovery:Crawling recursively for packages in '/home/imsmind/lab_challenge_ws/src'
[1.541s] Level 1:colcon.colcon_core.package_identification:_identify(.) by extensions ['ignore', 'ignore_ament_install']
[1.541s] Level 1:colcon.colcon_core.package_identification:_identify(.) by extension 'ignore'
[1.541s] Level 1:colcon.colcon_core.package_identification:_identify(.) by extension 'ignore_ament_install'
[1.541s] Level 1:colcon.colcon_core.package_identification:_identify(.) by extensions ['colcon_pkg']
[1.541s] Level 1:colcon.colcon_core.package_identification:_identify(.) by extension 'colcon_pkg'
[1.541s] Level 1:colcon.colcon_core.package_identification:_identify(.) by extensions ['colcon_meta']
[1.541s] Level 1:colcon.colcon_core.package_identification:_identify(.) by extension 'colcon_meta'
[1.541s] Level 1:colcon.colcon_core.package_identification:_identify(.) by extensions ['ros']
[1.542s] Level 1:colcon.colcon_core.package_identification:_identify(.) by extension 'ros'
[1.624s] Level 1:colcon.colcon_core.package_identification:_identify(.) by extensions ['cmake', 'python']
[1.624s] Level 1:colcon.colcon_core.package_identification:_identify(.) by extension 'cmake'
[2.304s] WARNING:colcon.colcon_cmake.package_identification.cmake:Ignoring 'CMakeLists.txt' since it seems to be a toplevel CMake file generated by 'catkin_make'
[2.304s] Level 1:colcon.colcon_core.package_identification:_identify(.) by extension 'python'
[2.304s] Level 1:colcon.colcon_core.package_identification:_identify(.) by extensions ['python_setup_py']
[2.304s] Level 1:colcon.colcon_core.package_identification:_identify(.) by extension 'python_setup_py'
[2.305s] Level 1:colcon.colcon_core.package_identification:_identify(Robotic_lab_challenge_ws) by extensions ['ignore', 'ignore_ament_install']
[2.305s] Level 1:colcon.colcon_core.package_identification:_identify(Robotic_lab_challenge_ws) by extension 'ignore'
[2.305s] Level 1:colcon.colcon_core.package_identification:_identify(Robotic_lab_challenge_ws) by extension 'ignore_ament_install'
[2.305s] Level 1:colcon.colcon_core.package_identification:_identify(Robotic_lab_challenge_ws) by extensions ['colcon_pkg']
[2.305s] Level 1:colcon.colcon_core.package_identification:_identify(Robotic_lab_challenge_ws) by extension 'colcon_pkg'
[2.306s] Level 1:colcon.colcon_core.package_identification:_identify(Robotic_lab_challenge_ws) by extensions ['colcon_meta']
[2.306s] Level 1:colcon.colcon_core.package_identification:_identify(Robotic_lab_challenge_ws) by extension 'colcon_meta'
[2.306s] Level 1:colcon.colcon_core.package_identification:_identify(Robotic_lab_challenge_ws) by extensions ['ros']
[2.306s] Level 1:colcon.colcon_core.package_identification:_identify(Robotic_lab_challenge_ws) by extension 'ros'
[2.306s] Level 1:colcon.colcon_core.package_identification:_identify(Robotic_lab_challenge_ws) by extensions ['cmake', 'python']
[2.307s] Level 1:colcon.colcon_core.package_identification:_identify(Robotic_lab_challenge_ws) by extension 'cmake'
[2.307s] Level 1:colcon.colcon_core.package_identification:_identify(Robotic_lab_challenge_ws) by extension 'python'
[2.307s] Level 1:colcon.colcon_core.package_identification:_identify(Robotic_lab_challenge_ws) by extensions ['python_setup_py']
[2.307s] Level 1:colcon.colcon_core.package_identification:_identify(Robotic_lab_challenge_ws) by extension 'python_setup_py'
[2.307s] Level 1:colcon.colcon_core.package_identification:_identify(Robotic_lab_challenge_ws/Robotic_lab_challenge_ws) by extensions ['ignore', 'ignore_ament_install']
[2.307s] Level 1:colcon.colcon_core.package_identification:_identify(Robotic_lab_challenge_ws/Robotic_lab_challenge_ws) by extension 'ignore'
[2.307s] Level 1:colcon.colcon_core.package_identification:_identify(Robotic_lab_challenge_ws/Robotic_lab_challenge_ws) by extension 'ignore_ament_install'
[2.307s] Level 1:colcon.colcon_core.package_identification:_identify(Robotic_lab_challenge_ws/Robotic_lab_challenge_ws) by extensions ['colcon_pkg']
[2.307s] Level 1:colcon.colcon_core.package_identification:_identify(Robotic_lab_challenge_ws/Robotic_lab_challenge_ws) by extension 'colcon_pkg'
[2.308s] Level 1:colcon.colcon_core.package_identification:_identify(Robotic_lab_challenge_ws/Robotic_lab_challenge_ws) by extensions ['colcon_meta']
[2.308s] Level 1:colcon.colcon_core.package_identification:_identify(Robotic_lab_challenge_ws/Robotic_lab_challenge_ws) by extension 'colcon_meta'
[2.308s] Level 1:colcon.colcon_core.package_identification:_identify(Robotic_lab_challenge_ws/Robotic_lab_challenge_ws) by extensions ['ros']
[2.308s] Level 1:colcon.colcon_core.package_identification:_identify(Robotic_lab_challenge_ws/Robotic_lab_challenge_ws) by extension 'ros'
[2.308s] Level 1:colcon.colcon_core.package_identification:_identify(Robotic_lab_challenge_ws/Robotic_lab_challenge_ws) by extensions ['cmake', 'python']
[2.308s] Level 1:colcon.colcon_core.package_identification:_identify(Robotic_lab_challenge_ws/Robotic_lab_challenge_ws) by extension 'cmake'
[2.308s] Level 1:colcon.colcon_core.package_identification:_identify(Robotic_lab_challenge_ws/Robotic_lab_challenge_ws) by extension 'python'
[2.308s] Level 1:colcon.colcon_core.package_identification:_identify(Robotic_lab_challenge_ws/Robotic_lab_challenge_ws) by extensions ['python_setup_py']
[2.308s] Level 1:colcon.colcon_core.package_identification:_identify(Robotic_lab_challenge_ws/Robotic_lab_challenge_ws) by extension 'python_setup_py'
[2.308s] Level 1:colcon.colcon_core.package_identification:_identify(Robotic_lab_challenge_ws/build) by extensions ['ignore', 'ignore_ament_install']
[2.309s] Level 1:colcon.colcon_core.package_identification:_identify(Robotic_lab_challenge_ws/build) by extension 'ignore'
[2.309s] Level 1:colcon.colcon_core.package_identification:_identify(Robotic_lab_challenge_ws/build) ignored
[2.309s] Level 1:colcon.colcon_core.package_identification:_identify(Robotic_lab_challenge_ws/challenge1) by extensions ['ignore', 'ignore_ament_install']
[2.310s] Level 1:colcon.colcon_core.package_identification:_identify(Robotic_lab_challenge_ws/challenge1) by extension 'ignore'
[2.310s] Level 1:colcon.colcon_core.package_identification:_identify(Robotic_lab_challenge_ws/challenge1) by extension 'ignore_ament_install'
[2.310s] Level 1:colcon.colcon_core.package_identification:_identify(Robotic_lab_challenge_ws/challenge1) by extensions ['colcon_pkg']
[2.310s] Level 1:colcon.colcon_core.package_identification:_identify(Robotic_lab_challenge_ws/challenge1) by extension 'colcon_pkg'
[2.310s] Level 1:colcon.colcon_core.package_identification:_identify(Robotic_lab_challenge_ws/challenge1) by extensions ['colcon_meta']
[2.310s] Level 1:colcon.colcon_core.package_identification:_identify(Robotic_lab_challenge_ws/challenge1) by extension 'colcon_meta'
[2.310s] Level 1:colcon.colcon_core.package_identification:_identify(Robotic_lab_challenge_ws/challenge1) by extensions ['ros']
[2.310s] Level 1:colcon.colcon_core.package_identification:_identify(Robotic_lab_challenge_ws/challenge1) by extension 'ros'
[2.310s] Level 1:colcon.colcon_core.package_identification:_identify(Robotic_lab_challenge_ws/challenge1) by extensions ['cmake', 'python']
[2.310s] Level 1:colcon.colcon_core.package_identification:_identify(Robotic_lab_challenge_ws/challenge1) by extension 'cmake'
[2.311s] Level 1:colcon.colcon_core.package_identification:_identify(Robotic_lab_challenge_ws/challenge1) by extension 'python'
[2.311s] Level 1:colcon.colcon_core.package_identification:_identify(Robotic_lab_challenge_ws/challenge1) by extensions ['python_setup_py']
[2.311s] Level 1:colcon.colcon_core.package_identification:_identify(Robotic_lab_challenge_ws/challenge1) by extension 'python_setup_py'
[2.311s] Level 1:colcon.colcon_core.package_identification:_identify(Robotic_lab_challenge_ws/challenge1/aws-robomaker-sample-application-helloworld) by extensions ['ignore', 'ignore_ament_install']
[2.311s] Level 1:colcon.colcon_core.package_identification:_identify(Robotic_lab_challenge_ws/challenge1/aws-robomaker-sample-application-helloworld) by extension 'ignore'
[2.311s] Level 1:colcon.colcon_core.package_identification:_identify(Robotic_lab_challenge_ws/challenge1/aws-robomaker-sample-application-helloworld) by extension 'ignore_ament_install'
[2.311s] Level 1:colcon.colcon_core.package_identification:_identify(Robotic_lab_challenge_ws/challenge1/aws-robomaker-sample-application-helloworld) by extensions ['colcon_pkg']
[2.311s] Level 1:colcon.colcon_core.package_identification:_identify(Robotic_lab_challenge_ws/challenge1/aws-robomaker-sample-application-helloworld) by extension 'colcon_pkg'
[2.311s] Level 1:colcon.colcon_core.package_identification:_identify(Robotic_lab_challenge_ws/challenge1/aws-robomaker-sample-application-helloworld) by extensions ['colcon_meta']
[2.311s] Level 1:colcon.colcon_core.package_identification:_identify(Robotic_lab_challenge_ws/challenge1/aws-robomaker-sample-application-helloworld) by extension 'colcon_meta'
[2.312s] Level 1:colcon.colcon_core.package_identification:_identify(Robotic_lab_challenge_ws/challenge1/aws-robomaker-sample-application-helloworld) by extensions ['ros']
[2.312s] Level 1:colcon.colcon_core.package_identification:_identify(Robotic_lab_challenge_ws/challenge1/aws-robomaker-sample-application-helloworld) by extension 'ros'
[2.312s] Level 1:colcon.colcon_core.package_identification:_identify(Robotic_lab_challenge_ws/challenge1/aws-robomaker-sample-application-helloworld) by extensions ['cmake', 'python']
[2.312s] Level 1:colcon.colcon_core.package_identification:_identify(Robotic_lab_challenge_ws/challenge1/aws-robomaker-sample-application-helloworld) by extension 'cmake'
[2.312s] Level 1:colcon.colcon_core.package_identification:_identify(Robotic_lab_challenge_ws/challenge1/aws-robomaker-sample-application-helloworld) by extension 'python'
[2.312s] Level 1:colcon.colcon_core.package_identification:_identify(Robotic_lab_challenge_ws/challenge1/aws-robomaker-sample-application-helloworld) by extensions ['python_setup_py']
[2.312s] Level 1:colcon.colcon_core.package_identification:_identify(Robotic_lab_challenge_ws/challenge1/aws-robomaker-sample-application-helloworld) by extension 'python_setup_py'
[2.312s] Level 1:colcon.colcon_core.package_identification:_identify(Robotic_lab_challenge_ws/challenge1/aws-robomaker-sample-application-helloworld/build) by extensions ['ignore', 'ignore_ament_install']
[2.312s] Level 1:colcon.colcon_core.package_identification:_identify(Robotic_lab_challenge_ws/challenge1/aws-robomaker-sample-application-helloworld/build) by extension 'ignore'
[2.313s] Level 1:colcon.colcon_core.package_identification:_identify(Robotic_lab_challenge_ws/challenge1/aws-robomaker-sample-application-helloworld/build) ignored
[2.313s] Level 1:colcon.colcon_core.package_identification:_identify(Robotic_lab_challenge_ws/challenge1/aws-robomaker-sample-application-helloworld/install) by extensions ['ignore', 'ignore_ament_install']
[2.313s] Level 1:colcon.colcon_core.package_identification:_identify(Robotic_lab_challenge_ws/challenge1/aws-robomaker-sample-application-helloworld/install) by extension 'ignore'
[2.313s] Level 1:colcon.colcon_core.package_identification:_identify(Robotic_lab_challenge_ws/challenge1/aws-robomaker-sample-application-helloworld/install) ignored
[2.314s] Level 1:colcon.colcon_core.package_identification:_identify(Robotic_lab_challenge_ws/challenge1/aws-robomaker-sample-application-helloworld/log) by extensions ['ignore', 'ignore_ament_install']
[2.315s] Level 1:colcon.colcon_core.package_identification:_identify(Robotic_lab_challenge_ws/challenge1/aws-robomaker-sample-application-helloworld/log) by extension 'ignore'
[2.315s] Level 1:colcon.colcon_core.package_identification:_identify(Robotic_lab_challenge_ws/challenge1/aws-robomaker-sample-application-helloworld/log) ignored
[2.316s] Level 1:colcon.colcon_core.package_identification:_identify(Robotic_lab_challenge_ws/challenge1/aws-robomaker-sample-application-helloworld/robot_ws) by extensions ['ignore', 'ignore_ament_install']
[2.316s] Level 1:colcon.colcon_core.package_identification:_identify(Robotic_lab_challenge_ws/challenge1/aws-robomaker-sample-application-helloworld/robot_ws) by extension 'ignore'
[2.316s] Level 1:colcon.colcon_core.package_identification:_identify(Robotic_lab_challenge_ws/challenge1/aws-robomaker-sample-application-helloworld/robot_ws) by extension 'ignore_ament_install'
[2.316s] Level 1:colcon.colcon_core.package_identification:_identify(Robotic_lab_challenge_ws/challenge1/aws-robomaker-sample-application-helloworld/robot_ws) by extensions ['colcon_pkg']
[2.316s] Level 1:colcon.colcon_core.package_identification:_identify(Robotic_lab_challenge_ws/challenge1/aws-robomaker-sample-application-helloworld/robot_ws) by extension 'colcon_pkg'
[2.317s] Level 1:colcon.colcon_core.package_identification:_identify(Robotic_lab_challenge_ws/challenge1/aws-robomaker-sample-application-helloworld/robot_ws) by extensions ['colcon_meta']
[2.317s] Level 1:colcon.colcon_core.package_identification:_identify(Robotic_lab_challenge_ws/challenge1/aws-robomaker-sample-application-helloworld/robot_ws) by extension 'colcon_meta'
[2.317s] Level 1:colcon.colcon_core.package_identification:_identify(Robotic_lab_challenge_ws/challenge1/aws-robomaker-sample-application-helloworld/robot_ws) by extensions ['ros']
[2.317s] Level 1:colcon.colcon_core.package_identification:_identify(Robotic_lab_challenge_ws/challenge1/aws-robomaker-sample-application-helloworld/robot_ws) by extension 'ros'
[2.318s] Level 1:colcon.colcon_core.package_identification:_identify(Robotic_lab_challenge_ws/challenge1/aws-robomaker-sample-application-helloworld/robot_ws) by extensions ['cmake', 'python']
[2.318s] Level 1:colcon.colcon_core.package_identification:_identify(Robotic_lab_challenge_ws/challenge1/aws-robomaker-sample-application-helloworld/robot_ws) by extension 'cmake'
[2.318s] Level 1:colcon.colcon_core.package_identification:_identify(Robotic_lab_challenge_ws/challenge1/aws-robomaker-sample-application-helloworld/robot_ws) by extension 'python'
[2.318s] Level 1:colcon.colcon_core.package_identification:_identify(Robotic_lab_challenge_ws/challenge1/aws-robomaker-sample-application-helloworld/robot_ws) by extensions ['python_setup_py']
[2.318s] Level 1:colcon.colcon_core.package_identification:_identify(Robotic_lab_challenge_ws/challenge1/aws-robomaker-sample-application-helloworld/robot_ws) by extension 'python_setup_py'
[2.318s] Level 1:colcon.colcon_core.package_identification:_identify(Robotic_lab_challenge_ws/challenge1/aws-robomaker-sample-application-helloworld/robot_ws/build) by extensions ['ignore', 'ignore_ament_install']
[2.319s] Level 1:colcon.colcon_core.package_identification:_identify(Robotic_lab_challenge_ws/challenge1/aws-robomaker-sample-application-helloworld/robot_ws/build) by extension 'ignore'
[2.319s] Level 1:colcon.colcon_core.package_identification:_identify(Robotic_lab_challenge_ws/challenge1/aws-robomaker-sample-application-helloworld/robot_ws/build) ignored
[2.319s] Level 1:colcon.colcon_core.package_identification:_identify(Robotic_lab_challenge_ws/challenge1/aws-robomaker-sample-application-helloworld/robot_ws/install) by extensions ['ignore', 'ignore_ament_install']
[2.319s] Level 1:colcon.colcon_core.package_identification:_identify(Robotic_lab_challenge_ws/challenge1/aws-robomaker-sample-application-helloworld/robot_ws/install) by extension 'ignore'
[2.319s] Level 1:colcon.colcon_core.package_identification:_identify(Robotic_lab_challenge_ws/challenge1/aws-robomaker-sample-application-helloworld/robot_ws/install) ignored
[2.320s] Level 1:colcon.colcon_core.package_identification:_identify(Robotic_lab_challenge_ws/challenge1/aws-robomaker-sample-application-helloworld/robot_ws/log) by extensions ['ignore', 'ignore_ament_install']
[2.320s] Level 1:colcon.colcon_core.package_identification:_identify(Robotic_lab_challenge_ws/challenge1/aws-robomaker-sample-application-helloworld/robot_ws/log) by extension 'ignore'
[2.320s] Level 1:colcon.colcon_core.package_identification:_identify(Robotic_lab_challenge_ws/challenge1/aws-robomaker-sample-application-helloworld/robot_ws/log) ignored
[2.320s] Level 1:colcon.colcon_core.package_identification:_identify(Robotic_lab_challenge_ws/challenge1/aws-robomaker-sample-application-helloworld/robot_ws/src) by extensions ['ignore', 'ignore_ament_install']
[2.321s] Level 1:colcon.colcon_core.package_identification:_identify(Robotic_lab_challenge_ws/challenge1/aws-robomaker-sample-application-helloworld/robot_ws/src) by extension 'ignore'
[2.321s] Level 1:colcon.colcon_core.package_identification:_identify(Robotic_lab_challenge_ws/challenge1/aws-robomaker-sample-application-helloworld/robot_ws/src) by extension 'ignore_ament_install'
[2.321s] Level 1:colcon.colcon_core.package_identification:_identify(Robotic_lab_challenge_ws/challenge1/aws-robomaker-sample-application-helloworld/robot_ws/src) by extensions ['colcon_pkg']
[2.321s] Level 1:colcon.colcon_core.package_identification:_identify(Robotic_lab_challenge_ws/challenge1/aws-robomaker-sample-application-helloworld/robot_ws/src) by extension 'colcon_pkg'
[2.321s] Level 1:colcon.colcon_core.package_identification:_identify(Robotic_lab_challenge_ws/challenge1/aws-robomaker-sample-application-helloworld/robot_ws/src) by extensions ['colcon_meta']
[2.321s] Level 1:colcon.colcon_core.package_identification:_identify(Robotic_lab_challenge_ws/challenge1/aws-robomaker-sample-application-helloworld/robot_ws/src) by extension 'colcon_meta'
[2.321s] Level 1:colcon.colcon_core.package_identification:_identify(Robotic_lab_challenge_ws/challenge1/aws-robomaker-sample-application-helloworld/robot_ws/src) by extensions ['ros']
[2.322s] Level 1:colcon.colcon_core.package_identification:_identify(Robotic_lab_challenge_ws/challenge1/aws-robomaker-sample-application-helloworld/robot_ws/src) by extension 'ros'
[2.322s] Level 1:colcon.colcon_core.package_identification:_identify(Robotic_lab_challenge_ws/challenge1/aws-robomaker-sample-application-helloworld/robot_ws/src) by extensions ['cmake', 'python']
[2.322s] Level 1:colcon.colcon_core.package_identification:_identify(Robotic_lab_challenge_ws/challenge1/aws-robomaker-sample-application-helloworld/robot_ws/src) by extension 'cmake'
[2.322s] Level 1:colcon.colcon_core.package_identification:_identify(Robotic_lab_challenge_ws/challenge1/aws-robomaker-sample-application-helloworld/robot_ws/src) by extension 'python'
[2.322s] Level 1:colcon.colcon_core.package_identification:_identify(Robotic_lab_challenge_ws/challenge1/aws-robomaker-sample-application-helloworld/robot_ws/src) by extensions ['python_setup_py']
[2.322s] Level 1:colcon.colcon_core.package_identification:_identify(Robotic_lab_challenge_ws/challenge1/aws-robomaker-sample-application-helloworld/robot_ws/src) by extension 'python_setup_py'
[2.322s] Level 1:colcon.colcon_core.package_identification:_identify(Robotic_lab_challenge_ws/challenge1/aws-robomaker-sample-application-helloworld/robot_ws/src/build) by extensions ['ignore', 'ignore_ament_install']
[2.322s] Level 1:colcon.colcon_core.package_identification:_identify(Robotic_lab_challenge_ws/challenge1/aws-robomaker-sample-application-helloworld/robot_ws/src/build) by extension 'ignore'
[2.323s] Level 1:colcon.colcon_core.package_identification:_identify(Robotic_lab_challenge_ws/challenge1/aws-robomaker-sample-application-helloworld/robot_ws/src/build) ignored
[2.323s] Level 1:colcon.colcon_core.package_identification:_identify(Robotic_lab_challenge_ws/challenge1/aws-robomaker-sample-application-helloworld/robot_ws/src/deps) by extensions ['ignore', 'ignore_ament_install']
[2.323s] Level 1:colcon.colcon_core.package_identification:_identify(Robotic_lab_challenge_ws/challenge1/aws-robomaker-sample-application-helloworld/robot_ws/src/deps) by extension 'ignore'
[2.323s] Level 1:colcon.colcon_core.package_identification:_identify(Robotic_lab_challenge_ws/challenge1/aws-robomaker-sample-application-helloworld/robot_ws/src/deps) by extension 'ignore_ament_install'
[2.324s] Level 1:colcon.colcon_core.package_identification:_identify(Robotic_lab_challenge_ws/challenge1/aws-robomaker-sample-application-helloworld/robot_ws/src/deps) by extensions ['colcon_pkg']
[2.324s] Level 1:colcon.colcon_core.package_identification:_identify(Robotic_lab_challenge_ws/challenge1/aws-robomaker-sample-application-helloworld/robot_ws/src/deps) by extension 'colcon_pkg'
[2.324s] Level 1:colcon.colcon_core.package_identification:_identify(Robotic_lab_challenge_ws/challenge1/aws-robomaker-sample-application-helloworld/robot_ws/src/deps) by extensions ['colcon_meta']
[2.325s] Level 1:colcon.colcon_core.package_identification:_identify(Robotic_lab_challenge_ws/challenge1/aws-robomaker-sample-application-helloworld/robot_ws/src/deps) by extension 'colcon_meta'
[2.325s] Level 1:colcon.colcon_core.package_identification:_identify(Robotic_lab_challenge_ws/challenge1/aws-robomaker-sample-application-helloworld/robot_ws/src/deps) by extensions ['ros']
[2.325s] Level 1:colcon.colcon_core.package_identification:_identify(Robotic_lab_challenge_ws/challenge1/aws-robomaker-sample-application-helloworld/robot_ws/src/deps) by extension 'ros'
[2.326s] Level 1:colcon.colcon_core.package_identification:_identify(Robotic_lab_challenge_ws/challenge1/aws-robomaker-sample-application-helloworld/robot_ws/src/deps) by extensions ['cmake', 'python']
[2.326s] Level 1:colcon.colcon_core.package_identification:_identify(Robotic_lab_challenge_ws/challenge1/aws-robomaker-sample-application-helloworld/robot_ws/src/deps) by extension 'cmake'
[2.326s] Level 1:colcon.colcon_core.package_identification:_identify(Robotic_lab_challenge_ws/challenge1/aws-robomaker-sample-application-helloworld/robot_ws/src/deps) by extension 'python'
[2.326s] Level 1:colcon.colcon_core.package_identification:_identify(Robotic_lab_challenge_ws/challenge1/aws-robomaker-sample-application-helloworld/robot_ws/src/deps) by extensions ['python_setup_py']
[2.326s] Level 1:colcon.colcon_core.package_identification:_identify(Robotic_lab_challenge_ws/challenge1/aws-robomaker-sample-application-helloworld/robot_ws/src/deps) by extension 'python_setup_py'
[2.326s] Level 1:colcon.colcon_core.package_identification:_identify(Robotic_lab_challenge_ws/challenge1/aws-robomaker-sample-application-helloworld/robot_ws/src/deps/turtlebot3-description-reduced-mesh) by extensions ['ignore', 'ignore_ament_install']
[2.326s] Level 1:colcon.colcon_core.package_identification:_identify(Robotic_lab_challenge_ws/challenge1/aws-robomaker-sample-application-helloworld/robot_ws/src/deps/turtlebot3-description-reduced-mesh) by extension 'ignore'
[2.326s] Level 1:colcon.colcon_core.package_identification:_identify(Robotic_lab_challenge_ws/challenge1/aws-robomaker-sample-application-helloworld/robot_ws/src/deps/turtlebot3-description-reduced-mesh) by extension 'ignore_ament_install'
[2.327s] Level 1:colcon.colcon_core.package_identification:_identify(Robotic_lab_challenge_ws/challenge1/aws-robomaker-sample-application-helloworld/robot_ws/src/deps/turtlebot3-description-reduced-mesh) by extensions ['colcon_pkg']
[2.327s] Level 1:colcon.colcon_core.package_identification:_identify(Robotic_lab_challenge_ws/challenge1/aws-robomaker-sample-application-helloworld/robot_ws/src/deps/turtlebot3-description-reduced-mesh) by extension 'colcon_pkg'
[2.327s] Level 1:colcon.colcon_core.package_identification:_identify(Robotic_lab_challenge_ws/challenge1/aws-robomaker-sample-application-helloworld/robot_ws/src/deps/turtlebot3-description-reduced-mesh) by extensions ['colcon_meta']
[2.327s] Level 1:colcon.colcon_core.package_identification:_identify(Robotic_lab_challenge_ws/challenge1/aws-robomaker-sample-application-helloworld/robot_ws/src/deps/turtlebot3-description-reduced-mesh) by extension 'colcon_meta'
[2.327s] Level 1:colcon.colcon_core.package_identification:_identify(Robotic_lab_challenge_ws/challenge1/aws-robomaker-sample-application-helloworld/robot_ws/src/deps/turtlebot3-description-reduced-mesh) by extensions ['ros']
[2.327s] Level 1:colcon.colcon_core.package_identification:_identify(Robotic_lab_challenge_ws/challenge1/aws-robomaker-sample-application-helloworld/robot_ws/src/deps/turtlebot3-description-reduced-mesh) by extension 'ros'
[2.333s] DEBUG:colcon.colcon_core.package_identification:Package 'Robotic_lab_challenge_ws/challenge1/aws-robomaker-sample-application-helloworld/robot_ws/src/deps/turtlebot3-description-reduced-mesh' with type 'ros.catkin' and name 'turtlebot3_description_reduced_mesh'
[2.333s] Level 1:colcon.colcon_core.package_identification:_identify(Robotic_lab_challenge_ws/challenge1/aws-robomaker-sample-application-helloworld/robot_ws/src/hello_world_robot) by extensions ['ignore', 'ignore_ament_install']
[2.334s] Level 1:colcon.colcon_core.package_identification:_identify(Robotic_lab_challenge_ws/challenge1/aws-robomaker-sample-application-helloworld/robot_ws/src/hello_world_robot) by extension 'ignore'
[2.334s] Level 1:colcon.colcon_core.package_identification:_identify(Robotic_lab_challenge_ws/challenge1/aws-robomaker-sample-application-helloworld/robot_ws/src/hello_world_robot) by extension 'ignore_ament_install'
[2.334s] Level 1:colcon.colcon_core.package_identification:_identify(Robotic_lab_challenge_ws/challenge1/aws-robomaker-sample-application-helloworld/robot_ws/src/hello_world_robot) by extensions ['colcon_pkg']
[2.334s] Level 1:colcon.colcon_core.package_identification:_identify(Robotic_lab_challenge_ws/challenge1/aws-robomaker-sample-application-helloworld/robot_ws/src/hello_world_robot) by extension 'colcon_pkg'
[2.334s] Level 1:colcon.colcon_core.package_identification:_identify(Robotic_lab_challenge_ws/challenge1/aws-robomaker-sample-application-helloworld/robot_ws/src/hello_world_robot) by extensions ['colcon_meta']
[2.334s] Level 1:colcon.colcon_core.package_identification:_identify(Robotic_lab_challenge_ws/challenge1/aws-robomaker-sample-application-helloworld/robot_ws/src/hello_world_robot) by extension 'colcon_meta'
[2.335s] Level 1:colcon.colcon_core.package_identification:_identify(Robotic_lab_challenge_ws/challenge1/aws-robomaker-sample-application-helloworld/robot_ws/src/hello_world_robot) by extensions ['ros']
[2.335s] Level 1:colcon.colcon_core.package_identification:_identify(Robotic_lab_challenge_ws/challenge1/aws-robomaker-sample-application-helloworld/robot_ws/src/hello_world_robot) by extension 'ros'
[2.340s] DEBUG:colcon.colcon_core.package_identification:Package 'Robotic_lab_challenge_ws/challenge1/aws-robomaker-sample-application-helloworld/robot_ws/src/hello_world_robot' with type 'ros.catkin' and name 'hello_world_robot'
[2.341s] Level 1:colcon.colcon_core.package_identification:_identify(Robotic_lab_challenge_ws/challenge1/aws-robomaker-sample-application-helloworld/robot_ws/src/install) by extensions ['ignore', 'ignore_ament_install']
[2.341s] Level 1:colcon.colcon_core.package_identification:_identify(Robotic_lab_challenge_ws/challenge1/aws-robomaker-sample-application-helloworld/robot_ws/src/install) by extension 'ignore'
[2.341s] Level 1:colcon.colcon_core.package_identification:_identify(Robotic_lab_challenge_ws/challenge1/aws-robomaker-sample-application-helloworld/robot_ws/src/install) ignored
[2.341s] Level 1:colcon.colcon_core.package_identification:_identify(Robotic_lab_challenge_ws/challenge1/aws-robomaker-sample-application-helloworld/robot_ws/src/log) by extensions ['ignore', 'ignore_ament_install']
[2.342s] Level 1:colcon.colcon_core.package_identification:_identify(Robotic_lab_challenge_ws/challenge1/aws-robomaker-sample-application-helloworld/robot_ws/src/log) by extension 'ignore'
[2.342s] Level 1:colcon.colcon_core.package_identification:_identify(Robotic_lab_challenge_ws/challenge1/aws-robomaker-sample-application-helloworld/robot_ws/src/log) ignored
[2.342s] Level 1:colcon.colcon_core.package_identification:_identify(Robotic_lab_challenge_ws/challenge1/aws-robomaker-sample-application-helloworld/scripts) by extensions ['ignore', 'ignore_ament_install']
[2.342s] Level 1:colcon.colcon_core.package_identification:_identify(Robotic_lab_challenge_ws/challenge1/aws-robomaker-sample-application-helloworld/scripts) by extension 'ignore'
[2.343s] Level 1:colcon.colcon_core.package_identification:_identify(Robotic_lab_challenge_ws/challenge1/aws-robomaker-sample-application-helloworld/scripts) by extension 'ignore_ament_install'
[2.343s] Level 1:colcon.colcon_core.package_identification:_identify(Robotic_lab_challenge_ws/challenge1/aws-robomaker-sample-application-helloworld/scripts) by extensions ['colcon_pkg']
[2.343s] Level 1:colcon.colcon_core.package_identification:_identify(Robotic_lab_challenge_ws/challenge1/aws-robomaker-sample-application-helloworld/scripts) by extension 'colcon_pkg'
[2.343s] Level 1:colcon.colcon_core.package_identification:_identify(Robotic_lab_challenge_ws/challenge1/aws-robomaker-sample-application-helloworld/scripts) by extensions ['colcon_meta']
[2.343s] Level 1:colcon.colcon_core.package_identification:_identify(Robotic_lab_challenge_ws/challenge1/aws-robomaker-sample-application-helloworld/scripts) by extension 'colcon_meta'
[2.343s] Level 1:colcon.colcon_core.package_identification:_identify(Robotic_lab_challenge_ws/challenge1/aws-robomaker-sample-application-helloworld/scripts) by extensions ['ros']
[2.343s] Level 1:colcon.colcon_core.package_identification:_identify(Robotic_lab_challenge_ws/challenge1/aws-robomaker-sample-application-helloworld/scripts) by extension 'ros'
[2.343s] Level 1:colcon.colcon_core.package_identification:_identify(Robotic_lab_challenge_ws/challenge1/aws-robomaker-sample-application-helloworld/scripts) by extensions ['cmake', 'python']
[2.343s] Level 1:colcon.colcon_core.package_identification:_identify(Robotic_lab_challenge_ws/challenge1/aws-robomaker-sample-application-helloworld/scripts) by extension 'cmake'
[2.343s] Level 1:colcon.colcon_core.package_identification:_identify(Robotic_lab_challenge_ws/challenge1/aws-robomaker-sample-application-helloworld/scripts) by extension 'python'
[2.344s] Level 1:colcon.colcon_core.package_identification:_identify(Robotic_lab_challenge_ws/challenge1/aws-robomaker-sample-application-helloworld/scripts) by extensions ['python_setup_py']
[2.344s] Level 1:colcon.colcon_core.package_identification:_identify(Robotic_lab_challenge_ws/challenge1/aws-robomaker-sample-application-helloworld/scripts) by extension 'python_setup_py'
[2.344s] Level 1:colcon.colcon_core.package_identification:_identify(Robotic_lab_challenge_ws/challenge1/aws-robomaker-sample-application-helloworld/simulation_ws) by extensions ['ignore', 'ignore_ament_install']
[2.344s] Level 1:colcon.colcon_core.package_identification:_identify(Robotic_lab_challenge_ws/challenge1/aws-robomaker-sample-application-helloworld/simulation_ws) by extension 'ignore'
[2.344s] Level 1:colcon.colcon_core.package_identification:_identify(Robotic_lab_challenge_ws/challenge1/aws-robomaker-sample-application-helloworld/simulation_ws) by extension 'ignore_ament_install'
[2.344s] Level 1:colcon.colcon_core.package_identification:_identify(Robotic_lab_challenge_ws/challenge1/aws-robomaker-sample-application-helloworld/simulation_ws) by extensions ['colcon_pkg']
[2.344s] Level 1:colcon.colcon_core.package_identification:_identify(Robotic_lab_challenge_ws/challenge1/aws-robomaker-sample-application-helloworld/simulation_ws) by extension 'colcon_pkg'
[2.344s] Level 1:colcon.colcon_core.package_identification:_identify(Robotic_lab_challenge_ws/challenge1/aws-robomaker-sample-application-helloworld/simulation_ws) by extensions ['colcon_meta']
[2.344s] Level 1:colcon.colcon_core.package_identification:_identify(Robotic_lab_challenge_ws/challenge1/aws-robomaker-sample-application-helloworld/simulation_ws) by extension 'colcon_meta'
[2.345s] Level 1:colcon.colcon_core.package_identification:_identify(Robotic_lab_challenge_ws/challenge1/aws-robomaker-sample-application-helloworld/simulation_ws) by extensions ['ros']
[2.345s] Level 1:colcon.colcon_core.package_identification:_identify(Robotic_lab_challenge_ws/challenge1/aws-robomaker-sample-application-helloworld/simulation_ws) by extension 'ros'
[2.345s] Level 1:colcon.colcon_core.package_identification:_identify(Robotic_lab_challenge_ws/challenge1/aws-robomaker-sample-application-helloworld/simulation_ws) by extensions ['cmake', 'python']
[2.345s] Level 1:colcon.colcon_core.package_identification:_identify(Robotic_lab_challenge_ws/challenge1/aws-robomaker-sample-application-helloworld/simulation_ws) by extension 'cmake'
[2.345s] Level 1:colcon.colcon_core.package_identification:_identify(Robotic_lab_challenge_ws/challenge1/aws-robomaker-sample-application-helloworld/simulation_ws) by extension 'python'
[2.345s] Level 1:colcon.colcon_core.package_identification:_identify(Robotic_lab_challenge_ws/challenge1/aws-robomaker-sample-application-helloworld/simulation_ws) by extensions ['python_setup_py']
[2.345s] Level 1:colcon.colcon_core.package_identification:_identify(Robotic_lab_challenge_ws/challenge1/aws-robomaker-sample-application-helloworld/simulation_ws) by extension 'python_setup_py'
[2.346s] Level 1:colcon.colcon_core.package_identification:_identify(Robotic_lab_challenge_ws/challenge1/aws-robomaker-sample-application-helloworld/simulation_ws/build) by extensions ['ignore', 'ignore_ament_install']
[2.346s] Level 1:colcon.colcon_core.package_identification:_identify(Robotic_lab_challenge_ws/challenge1/aws-robomaker-sample-application-helloworld/simulation_ws/build) by extension 'ignore'
[2.346s] Level 1:colcon.colcon_core.package_identification:_identify(Robotic_lab_challenge_ws/challenge1/aws-robomaker-sample-application-helloworld/simulation_ws/build) ignored
[2.346s] Level 1:colcon.colcon_core.package_identification:_identify(Robotic_lab_challenge_ws/challenge1/aws-robomaker-sample-application-helloworld/simulation_ws/install) by extensions ['ignore', 'ignore_ament_install']
[2.346s] Level 1:colcon.colcon_core.package_identification:_identify(Robotic_lab_challenge_ws/challenge1/aws-robomaker-sample-application-helloworld/simulation_ws/install) by extension 'ignore'
[2.347s] Level 1:colcon.colcon_core.package_identification:_identify(Robotic_lab_challenge_ws/challenge1/aws-robomaker-sample-application-helloworld/simulation_ws/install) ignored
[2.347s] Level 1:colcon.colcon_core.package_identification:_identify(Robotic_lab_challenge_ws/challenge1/aws-robomaker-sample-application-helloworld/simulation_ws/log) by extensions ['ignore', 'ignore_ament_install']
[2.347s] Level 1:colcon.colcon_core.package_identification:_identify(Robotic_lab_challenge_ws/challenge1/aws-robomaker-sample-application-helloworld/simulation_ws/log) by extension 'ignore'
[2.347s] Level 1:colcon.colcon_core.package_identification:_identify(Robotic_lab_challenge_ws/challenge1/aws-robomaker-sample-application-helloworld/simulation_ws/log) ignored
[2.348s] Level 1:colcon.colcon_core.package_identification:_identify(Robotic_lab_challenge_ws/challenge1/aws-robomaker-sample-application-helloworld/simulation_ws/src) by extensions ['ignore', 'ignore_ament_install']
[2.348s] Level 1:colcon.colcon_core.package_identification:_identify(Robotic_lab_challenge_ws/challenge1/aws-robomaker-sample-application-helloworld/simulation_ws/src) by extension 'ignore'
[2.348s] Level 1:colcon.colcon_core.package_identification:_identify(Robotic_lab_challenge_ws/challenge1/aws-robomaker-sample-application-helloworld/simulation_ws/src) by extension 'ignore_ament_install'
[2.349s] Level 1:colcon.colcon_core.package_identification:_identify(Robotic_lab_challenge_ws/challenge1/aws-robomaker-sample-application-helloworld/simulation_ws/src) by extensions ['colcon_pkg']
[2.349s] Level 1:colcon.colcon_core.package_identification:_identify(Robotic_lab_challenge_ws/challenge1/aws-robomaker-sample-application-helloworld/simulation_ws/src) by extension 'colcon_pkg'
[2.349s] Level 1:colcon.colcon_core.package_identification:_identify(Robotic_lab_challenge_ws/challenge1/aws-robomaker-sample-application-helloworld/simulation_ws/src) by extensions ['colcon_meta']
[2.349s] Level 1:colcon.colcon_core.package_identification:_identify(Robotic_lab_challenge_ws/challenge1/aws-robomaker-sample-application-helloworld/simulation_ws/src) by extension 'colcon_meta'
[2.349s] Level 1:colcon.colcon_core.package_identification:_identify(Robotic_lab_challenge_ws/challenge1/aws-robomaker-sample-application-helloworld/simulation_ws/src) by extensions ['ros']
[2.349s] Level 1:colcon.colcon_core.package_identification:_identify(Robotic_lab_challenge_ws/challenge1/aws-robomaker-sample-application-helloworld/simulation_ws/src) by extension 'ros'
[2.350s] Level 1:colcon.colcon_core.package_identification:_identify(Robotic_lab_challenge_ws/challenge1/aws-robomaker-sample-application-helloworld/simulation_ws/src) by extensions ['cmake', 'python']
[2.350s] Level 1:colcon.colcon_core.package_identification:_identify(Robotic_lab_challenge_ws/challenge1/aws-robomaker-sample-application-helloworld/simulation_ws/src) by extension 'cmake'
[2.350s] Level 1:colcon.colcon_core.package_identification:_identify(Robotic_lab_challenge_ws/challenge1/aws-robomaker-sample-application-helloworld/simulation_ws/src) by extension 'python'
[2.350s] Level 1:colcon.colcon_core.package_identification:_identify(Robotic_lab_challenge_ws/challenge1/aws-robomaker-sample-application-helloworld/simulation_ws/src) by extensions ['python_setup_py']
[2.350s] Level 1:colcon.colcon_core.package_identification:_identify(Robotic_lab_challenge_ws/challenge1/aws-robomaker-sample-application-helloworld/simulation_ws/src) by extension 'python_setup_py'
[2.351s] Level 1:colcon.colcon_core.package_identification:_identify(Robotic_lab_challenge_ws/challenge1/aws-robomaker-sample-application-helloworld/simulation_ws/src/build) by extensions ['ignore', 'ignore_ament_install']
[2.351s] Level 1:colcon.colcon_core.package_identification:_identify(Robotic_lab_challenge_ws/challenge1/aws-robomaker-sample-application-helloworld/simulation_ws/src/build) by extension 'ignore'
[2.351s] Level 1:colcon.colcon_core.package_identification:_identify(Robotic_lab_challenge_ws/challenge1/aws-robomaker-sample-application-helloworld/simulation_ws/src/build) ignored
[2.351s] Level 1:colcon.colcon_core.package_identification:_identify(Robotic_lab_challenge_ws/challenge1/aws-robomaker-sample-application-helloworld/simulation_ws/src/deps) by extensions ['ignore', 'ignore_ament_install']
[2.351s] Level 1:colcon.colcon_core.package_identification:_identify(Robotic_lab_challenge_ws/challenge1/aws-robomaker-sample-application-helloworld/simulation_ws/src/deps) by extension 'ignore'
[2.352s] Level 1:colcon.colcon_core.package_identification:_identify(Robotic_lab_challenge_ws/challenge1/aws-robomaker-sample-application-helloworld/simulation_ws/src/deps) by extension 'ignore_ament_install'
[2.352s] Level 1:colcon.colcon_core.package_identification:_identify(Robotic_lab_challenge_ws/challenge1/aws-robomaker-sample-application-helloworld/simulation_ws/src/deps) by extensions ['colcon_pkg']
[2.352s] Level 1:colcon.colcon_core.package_identification:_identify(Robotic_lab_challenge_ws/challenge1/aws-robomaker-sample-application-helloworld/simulation_ws/src/deps) by extension 'colcon_pkg'
[2.352s] Level 1:colcon.colcon_core.package_identification:_identify(Robotic_lab_challenge_ws/challenge1/aws-robomaker-sample-application-helloworld/simulation_ws/src/deps) by extensions ['colcon_meta']
[2.352s] Level 1:colcon.colcon_core.package_identification:_identify(Robotic_lab_challenge_ws/challenge1/aws-robomaker-sample-application-helloworld/simulation_ws/src/deps) by extension 'colcon_meta'
[2.352s] Level 1:colcon.colcon_core.package_identification:_identify(Robotic_lab_challenge_ws/challenge1/aws-robomaker-sample-application-helloworld/simulation_ws/src/deps) by extensions ['ros']
[2.353s] Level 1:colcon.colcon_core.package_identification:_identify(Robotic_lab_challenge_ws/challenge1/aws-robomaker-sample-application-helloworld/simulation_ws/src/deps) by extension 'ros'
[2.353s] Level 1:colcon.colcon_core.package_identification:_identify(Robotic_lab_challenge_ws/challenge1/aws-robomaker-sample-application-helloworld/simulation_ws/src/deps) by extensions ['cmake', 'python']
[2.353s] Level 1:colcon.colcon_core.package_identification:_identify(Robotic_lab_challenge_ws/challenge1/aws-robomaker-sample-application-helloworld/simulation_ws/src/deps) by extension 'cmake'
[2.353s] Level 1:colcon.colcon_core.package_identification:_identify(Robotic_lab_challenge_ws/challenge1/aws-robomaker-sample-application-helloworld/simulation_ws/src/deps) by extension 'python'
[2.353s] Level 1:colcon.colcon_core.package_identification:_identify(Robotic_lab_challenge_ws/challenge1/aws-robomaker-sample-application-helloworld/simulation_ws/src/deps) by extensions ['python_setup_py']
[2.353s] Level 1:colcon.colcon_core.package_identification:_identify(Robotic_lab_challenge_ws/challenge1/aws-robomaker-sample-application-helloworld/simulation_ws/src/deps) by extension 'python_setup_py'
[2.354s] Level 1:colcon.colcon_core.package_identification:_identify(Robotic_lab_challenge_ws/challenge1/aws-robomaker-sample-application-helloworld/simulation_ws/src/hello_world_simulation) by extensions ['ignore', 'ignore_ament_install']
[2.354s] Level 1:colcon.colcon_core.package_identification:_identify(Robotic_lab_challenge_ws/challenge1/aws-robomaker-sample-application-helloworld/simulation_ws/src/hello_world_simulation) by extension 'ignore'
[2.354s] Level 1:colcon.colcon_core.package_identification:_identify(Robotic_lab_challenge_ws/challenge1/aws-robomaker-sample-application-helloworld/simulation_ws/src/hello_world_simulation) by extension 'ignore_ament_install'
[2.355s] Level 1:colcon.colcon_core.package_identification:_identify(Robotic_lab_challenge_ws/challenge1/aws-robomaker-sample-application-helloworld/simulation_ws/src/hello_world_simulation) by extensions ['colcon_pkg']
[2.355s] Level 1:colcon.colcon_core.package_identification:_identify(Robotic_lab_challenge_ws/challenge1/aws-robomaker-sample-application-helloworld/simulation_ws/src/hello_world_simulation) by extension 'colcon_pkg'
[2.356s] Level 1:colcon.colcon_core.package_identification:_identify(Robotic_lab_challenge_ws/challenge1/aws-robomaker-sample-application-helloworld/simulation_ws/src/hello_world_simulation) by extensions ['colcon_meta']
[2.356s] Level 1:colcon.colcon_core.package_identification:_identify(Robotic_lab_challenge_ws/challenge1/aws-robomaker-sample-application-helloworld/simulation_ws/src/hello_world_simulation) by extension 'colcon_meta'
[2.356s] Level 1:colcon.colcon_core.package_identification:_identify(Robotic_lab_challenge_ws/challenge1/aws-robomaker-sample-application-helloworld/simulation_ws/src/hello_world_simulation) by extensions ['ros']
[2.357s] Level 1:colcon.colcon_core.package_identification:_identify(Robotic_lab_challenge_ws/challenge1/aws-robomaker-sample-application-helloworld/simulation_ws/src/hello_world_simulation) by extension 'ros'
[2.359s] DEBUG:colcon.colcon_core.package_identification:Package 'Robotic_lab_challenge_ws/challenge1/aws-robomaker-sample-application-helloworld/simulation_ws/src/hello_world_simulation' with type 'ros.catkin' and name 'hello_world_simulation'
[2.359s] Level 1:colcon.colcon_core.package_identification:_identify(Robotic_lab_challenge_ws/challenge1/aws-robomaker-sample-application-helloworld/simulation_ws/src/install) by extensions ['ignore', 'ignore_ament_install']
[2.359s] Level 1:colcon.colcon_core.package_identification:_identify(Robotic_lab_challenge_ws/challenge1/aws-robomaker-sample-application-helloworld/simulation_ws/src/install) by extension 'ignore'
[2.359s] Level 1:colcon.colcon_core.package_identification:_identify(Robotic_lab_challenge_ws/challenge1/aws-robomaker-sample-application-helloworld/simulation_ws/src/install) ignored
[2.360s] Level 1:colcon.colcon_core.package_identification:_identify(Robotic_lab_challenge_ws/challenge1/aws-robomaker-sample-application-helloworld/simulation_ws/src/log) by extensions ['ignore', 'ignore_ament_install']
[2.360s] Level 1:colcon.colcon_core.package_identification:_identify(Robotic_lab_challenge_ws/challenge1/aws-robomaker-sample-application-helloworld/simulation_ws/src/log) by extension 'ignore'
[2.360s] Level 1:colcon.colcon_core.package_identification:_identify(Robotic_lab_challenge_ws/challenge1/aws-robomaker-sample-application-helloworld/simulation_ws/src/log) ignored
[2.360s] Level 1:colcon.colcon_core.package_identification:_identify(Robotic_lab_challenge_ws/challenge1/build) by extensions ['ignore', 'ignore_ament_install']
[2.360s] Level 1:colcon.colcon_core.package_identification:_identify(Robotic_lab_challenge_ws/challenge1/build) by extension 'ignore'
[2.361s] Level 1:colcon.colcon_core.package_identification:_identify(Robotic_lab_challenge_ws/challenge1/build) ignored
[2.361s] Level 1:colcon.colcon_core.package_identification:_identify(Robotic_lab_challenge_ws/challenge1/install) by extensions ['ignore', 'ignore_ament_install']
[2.361s] Level 1:colcon.colcon_core.package_identification:_identify(Robotic_lab_challenge_ws/challenge1/install) by extension 'ignore'
[2.361s] Level 1:colcon.colcon_core.package_identification:_identify(Robotic_lab_challenge_ws/challenge1/install) ignored
[2.361s] Level 1:colcon.colcon_core.package_identification:_identify(Robotic_lab_challenge_ws/challenge1/log) by extensions ['ignore', 'ignore_ament_install']
[2.362s] Level 1:colcon.colcon_core.package_identification:_identify(Robotic_lab_challenge_ws/challenge1/log) by extension 'ignore'
[2.362s] Level 1:colcon.colcon_core.package_identification:_identify(Robotic_lab_challenge_ws/challenge1/log) ignored
[2.362s] Level 1:colcon.colcon_core.package_identification:_identify(Robotic_lab_challenge_ws/install) by extensions ['ignore', 'ignore_ament_install']
[2.362s] Level 1:colcon.colcon_core.package_identification:_identify(Robotic_lab_challenge_ws/install) by extension 'ignore'
[2.362s] Level 1:colcon.colcon_core.package_identification:_identify(Robotic_lab_challenge_ws/install) ignored
[2.362s] Level 1:colcon.colcon_core.package_identification:_identify(Robotic_lab_challenge_ws/log) by extensions ['ignore', 'ignore_ament_install']
[2.363s] Level 1:colcon.colcon_core.package_identification:_identify(Robotic_lab_challenge_ws/log) by extension 'ignore'
[2.363s] Level 1:colcon.colcon_core.package_identification:_identify(Robotic_lab_challenge_ws/log) ignored
[2.363s] Level 1:colcon.colcon_core.package_identification:_identify(aws-robomaker-sample-application-helloworld) by extensions ['ignore', 'ignore_ament_install']
[2.363s] Level 1:colcon.colcon_core.package_identification:_identify(aws-robomaker-sample-application-helloworld) by extension 'ignore'
[2.364s] Level 1:colcon.colcon_core.package_identification:_identify(aws-robomaker-sample-application-helloworld) by extension 'ignore_ament_install'
[2.364s] Level 1:colcon.colcon_core.package_identification:_identify(aws-robomaker-sample-application-helloworld) by extensions ['colcon_pkg']
[2.364s] Level 1:colcon.colcon_core.package_identification:_identify(aws-robomaker-sample-application-helloworld) by extension 'colcon_pkg'
[2.364s] Level 1:colcon.colcon_core.package_identification:_identify(aws-robomaker-sample-application-helloworld) by extensions ['colcon_meta']
[2.364s] Level 1:colcon.colcon_core.package_identification:_identify(aws-robomaker-sample-application-helloworld) by extension 'colcon_meta'
[2.364s] Level 1:colcon.colcon_core.package_identification:_identify(aws-robomaker-sample-application-helloworld) by extensions ['ros']
[2.365s] Level 1:colcon.colcon_core.package_identification:_identify(aws-robomaker-sample-application-helloworld) by extension 'ros'
[2.365s] Level 1:colcon.colcon_core.package_identification:_identify(aws-robomaker-sample-application-helloworld) by extensions ['cmake', 'python']
[2.365s] Level 1:colcon.colcon_core.package_identification:_identify(aws-robomaker-sample-application-helloworld) by extension 'cmake'
[2.365s] Level 1:colcon.colcon_core.package_identification:_identify(aws-robomaker-sample-application-helloworld) by extension 'python'
[2.365s] Level 1:colcon.colcon_core.package_identification:_identify(aws-robomaker-sample-application-helloworld) by extensions ['python_setup_py']
[2.365s] Level 1:colcon.colcon_core.package_identification:_identify(aws-robomaker-sample-application-helloworld) by extension 'python_setup_py'
[2.366s] Level 1:colcon.colcon_core.package_identification:_identify(aws-robomaker-sample-application-helloworld/build) by extensions ['ignore', 'ignore_ament_install']
[2.366s] Level 1:colcon.colcon_core.package_identification:_identify(aws-robomaker-sample-application-helloworld/build) by extension 'ignore'
[2.366s] Level 1:colcon.colcon_core.package_identification:_identify(aws-robomaker-sample-application-helloworld/build) ignored
[2.367s] Level 1:colcon.colcon_core.package_identification:_identify(aws-robomaker-sample-application-helloworld/install) by extensions ['ignore', 'ignore_ament_install']
[2.367s] Level 1:colcon.colcon_core.package_identification:_identify(aws-robomaker-sample-application-helloworld/install) by extension 'ignore'
[2.367s] Level 1:colcon.colcon_core.package_identification:_identify(aws-robomaker-sample-application-helloworld/install) ignored
[2.368s] Level 1:colcon.colcon_core.package_identification:_identify(aws-robomaker-sample-application-helloworld/log) by extensions ['ignore', 'ignore_ament_install']
[2.368s] Level 1:colcon.colcon_core.package_identification:_identify(aws-robomaker-sample-application-helloworld/log) by extension 'ignore'
[2.368s] Level 1:colcon.colcon_core.package_identification:_identify(aws-robomaker-sample-application-helloworld/log) ignored
[2.368s] Level 1:colcon.colcon_core.package_identification:_identify(aws-robomaker-sample-application-helloworld/robot_ws) by extensions ['ignore', 'ignore_ament_install']
[2.369s] Level 1:colcon.colcon_core.package_identification:_identify(aws-robomaker-sample-application-helloworld/robot_ws) by extension 'ignore'
[2.369s] Level 1:colcon.colcon_core.package_identification:_identify(aws-robomaker-sample-application-helloworld/robot_ws) by extension 'ignore_ament_install'
[2.369s] Level 1:colcon.colcon_core.package_identification:_identify(aws-robomaker-sample-application-helloworld/robot_ws) by extensions ['colcon_pkg']
[2.370s] Level 1:colcon.colcon_core.package_identification:_identify(aws-robomaker-sample-application-helloworld/robot_ws) by extension 'colcon_pkg'
[2.370s] Level 1:colcon.colcon_core.package_identification:_identify(aws-robomaker-sample-application-helloworld/robot_ws) by extensions ['colcon_meta']
[2.370s] Level 1:colcon.colcon_core.package_identification:_identify(aws-robomaker-sample-application-helloworld/robot_ws) by extension 'colcon_meta'
[2.370s] Level 1:colcon.colcon_core.package_identification:_identify(aws-robomaker-sample-application-helloworld/robot_ws) by extensions ['ros']
[2.370s] Level 1:colcon.colcon_core.package_identification:_identify(aws-robomaker-sample-application-helloworld/robot_ws) by extension 'ros'
[2.371s] Level 1:colcon.colcon_core.package_identification:_identify(aws-robomaker-sample-application-helloworld/robot_ws) by extensions ['cmake', 'python']
[2.371s] Level 1:colcon.colcon_core.package_identification:_identify(aws-robomaker-sample-application-helloworld/robot_ws) by extension 'cmake'
[2.371s] Level 1:colcon.colcon_core.package_identification:_identify(aws-robomaker-sample-application-helloworld/robot_ws) by extension 'python'
[2.371s] Level 1:colcon.colcon_core.package_identification:_identify(aws-robomaker-sample-application-helloworld/robot_ws) by extensions ['python_setup_py']
[2.371s] Level 1:colcon.colcon_core.package_identification:_identify(aws-robomaker-sample-application-helloworld/robot_ws) by extension 'python_setup_py'
[2.371s] Level 1:colcon.colcon_core.package_identification:_identify(aws-robomaker-sample-application-helloworld/robot_ws/build) by extensions ['ignore', 'ignore_ament_install']
[2.372s] Level 1:colcon.colcon_core.package_identification:_identify(aws-robomaker-sample-application-helloworld/robot_ws/build) by extension 'ignore'
[2.372s] Level 1:colcon.colcon_core.package_identification:_identify(aws-robomaker-sample-application-helloworld/robot_ws/build) ignored
[2.372s] Level 1:colcon.colcon_core.package_identification:_identify(aws-robomaker-sample-application-helloworld/robot_ws/install) by extensions ['ignore', 'ignore_ament_install']
[2.373s] Level 1:colcon.colcon_core.package_identification:_identify(aws-robomaker-sample-application-helloworld/robot_ws/install) by extension 'ignore'
[2.373s] Level 1:colcon.colcon_core.package_identification:_identify(aws-robomaker-sample-application-helloworld/robot_ws/install) ignored
[2.373s] Level 1:colcon.colcon_core.package_identification:_identify(aws-robomaker-sample-application-helloworld/robot_ws/log) by extensions ['ignore', 'ignore_ament_install']
[2.373s] Level 1:colcon.colcon_core.package_identification:_identify(aws-robomaker-sample-application-helloworld/robot_ws/log) by extension 'ignore'
[2.374s] Level 1:colcon.colcon_core.package_identification:_identify(aws-robomaker-sample-application-helloworld/robot_ws/log) ignored
[2.374s] Level 1:colcon.colcon_core.package_identification:_identify(aws-robomaker-sample-application-helloworld/robot_ws/src) by extensions ['ignore', 'ignore_ament_install']
[2.374s] Level 1:colcon.colcon_core.package_identification:_identify(aws-robomaker-sample-application-helloworld/robot_ws/src) by extension 'ignore'
[2.375s] Level 1:colcon.colcon_core.package_identification:_identify(aws-robomaker-sample-application-helloworld/robot_ws/src) by extension 'ignore_ament_install'
[2.375s] Level 1:colcon.colcon_core.package_identification:_identify(aws-robomaker-sample-application-helloworld/robot_ws/src) by extensions ['colcon_pkg']
[2.375s] Level 1:colcon.colcon_core.package_identification:_identify(aws-robomaker-sample-application-helloworld/robot_ws/src) by extension 'colcon_pkg'
[2.375s] Level 1:colcon.colcon_core.package_identification:_identify(aws-robomaker-sample-application-helloworld/robot_ws/src) by extensions ['colcon_meta']
[2.375s] Level 1:colcon.colcon_core.package_identification:_identify(aws-robomaker-sample-application-helloworld/robot_ws/src) by extension 'colcon_meta'
[2.375s] Level 1:colcon.colcon_core.package_identification:_identify(aws-robomaker-sample-application-helloworld/robot_ws/src) by extensions ['ros']
[2.376s] Level 1:colcon.colcon_core.package_identification:_identify(aws-robomaker-sample-application-helloworld/robot_ws/src) by extension 'ros'
[2.376s] Level 1:colcon.colcon_core.package_identification:_identify(aws-robomaker-sample-application-helloworld/robot_ws/src) by extensions ['cmake', 'python']
[2.376s] Level 1:colcon.colcon_core.package_identification:_identify(aws-robomaker-sample-application-helloworld/robot_ws/src) by extension 'cmake'
[2.376s] Level 1:colcon.colcon_core.package_identification:_identify(aws-robomaker-sample-application-helloworld/robot_ws/src) by extension 'python'
[2.376s] Level 1:colcon.colcon_core.package_identification:_identify(aws-robomaker-sample-application-helloworld/robot_ws/src) by extensions ['python_setup_py']
[2.376s] Level 1:colcon.colcon_core.package_identification:_identify(aws-robomaker-sample-application-helloworld/robot_ws/src) by extension 'python_setup_py'
[2.376s] Level 1:colcon.colcon_core.package_identification:_identify(aws-robomaker-sample-application-helloworld/robot_ws/src/deps) by extensions ['ignore', 'ignore_ament_install']
[2.377s] Level 1:colcon.colcon_core.package_identification:_identify(aws-robomaker-sample-application-helloworld/robot_ws/src/deps) by extension 'ignore'
[2.377s] Level 1:colcon.colcon_core.package_identification:_identify(aws-robomaker-sample-application-helloworld/robot_ws/src/deps) by extension 'ignore_ament_install'
[2.377s] Level 1:colcon.colcon_core.package_identification:_identify(aws-robomaker-sample-application-helloworld/robot_ws/src/deps) by extensions ['colcon_pkg']
[2.377s] Level 1:colcon.colcon_core.package_identification:_identify(aws-robomaker-sample-application-helloworld/robot_ws/src/deps) by extension 'colcon_pkg'
[2.377s] Level 1:colcon.colcon_core.package_identification:_identify(aws-robomaker-sample-application-helloworld/robot_ws/src/deps) by extensions ['colcon_meta']
[2.377s] Level 1:colcon.colcon_core.package_identification:_identify(aws-robomaker-sample-application-helloworld/robot_ws/src/deps) by extension 'colcon_meta'
[2.377s] Level 1:colcon.colcon_core.package_identification:_identify(aws-robomaker-sample-application-helloworld/robot_ws/src/deps) by extensions ['ros']
[2.377s] Level 1:colcon.colcon_core.package_identification:_identify(aws-robomaker-sample-application-helloworld/robot_ws/src/deps) by extension 'ros'
[2.378s] Level 1:colcon.colcon_core.package_identification:_identify(aws-robomaker-sample-application-helloworld/robot_ws/src/deps) by extensions ['cmake', 'python']
[2.378s] Level 1:colcon.colcon_core.package_identification:_identify(aws-robomaker-sample-application-helloworld/robot_ws/src/deps) by extension 'cmake'
[2.378s] Level 1:colcon.colcon_core.package_identification:_identify(aws-robomaker-sample-application-helloworld/robot_ws/src/deps) by extension 'python'
[2.378s] Level 1:colcon.colcon_core.package_identification:_identify(aws-robomaker-sample-application-helloworld/robot_ws/src/deps) by extensions ['python_setup_py']
[2.378s] Level 1:colcon.colcon_core.package_identification:_identify(aws-robomaker-sample-application-helloworld/robot_ws/src/deps) by extension 'python_setup_py'
[2.378s] Level 1:colcon.colcon_core.package_identification:_identify(aws-robomaker-sample-application-helloworld/robot_ws/src/deps/turtlebot3-description-reduced-mesh) by extensions ['ignore', 'ignore_ament_install']
[2.378s] Level 1:colcon.colcon_core.package_identification:_identify(aws-robomaker-sample-application-helloworld/robot_ws/src/deps/turtlebot3-description-reduced-mesh) by extension 'ignore'
[2.379s] Level 1:colcon.colcon_core.package_identification:_identify(aws-robomaker-sample-application-helloworld/robot_ws/src/deps/turtlebot3-description-reduced-mesh) by extension 'ignore_ament_install'
[2.379s] Level 1:colcon.colcon_core.package_identification:_identify(aws-robomaker-sample-application-helloworld/robot_ws/src/deps/turtlebot3-description-reduced-mesh) by extensions ['colcon_pkg']
[2.379s] Level 1:colcon.colcon_core.package_identification:_identify(aws-robomaker-sample-application-helloworld/robot_ws/src/deps/turtlebot3-description-reduced-mesh) by extension 'colcon_pkg'
[2.379s] Level 1:colcon.colcon_core.package_identification:_identify(aws-robomaker-sample-application-helloworld/robot_ws/src/deps/turtlebot3-description-reduced-mesh) by extensions ['colcon_meta']
[2.379s] Level 1:colcon.colcon_core.package_identification:_identify(aws-robomaker-sample-application-helloworld/robot_ws/src/deps/turtlebot3-description-reduced-mesh) by extension 'colcon_meta'
[2.379s] Level 1:colcon.colcon_core.package_identification:_identify(aws-robomaker-sample-application-helloworld/robot_ws/src/deps/turtlebot3-description-reduced-mesh) by extensions ['ros']
[2.379s] Level 1:colcon.colcon_core.package_identification:_identify(aws-robomaker-sample-application-helloworld/robot_ws/src/deps/turtlebot3-description-reduced-mesh) by extension 'ros'
[2.381s] DEBUG:colcon.colcon_core.package_identification:Package 'aws-robomaker-sample-application-helloworld/robot_ws/src/deps/turtlebot3-description-reduced-mesh' with type 'ros.catkin' and name 'turtlebot3_description_reduced_mesh'
[2.382s] Level 1:colcon.colcon_core.package_identification:_identify(aws-robomaker-sample-application-helloworld/robot_ws/src/hello_world_robot) by extensions ['ignore', 'ignore_ament_install']
[2.382s] Level 1:colcon.colcon_core.package_identification:_identify(aws-robomaker-sample-application-helloworld/robot_ws/src/hello_world_robot) by extension 'ignore'
[2.383s] Level 1:colcon.colcon_core.package_identification:_identify(aws-robomaker-sample-application-helloworld/robot_ws/src/hello_world_robot) by extension 'ignore_ament_install'
[2.383s] Level 1:colcon.colcon_core.package_identification:_identify(aws-robomaker-sample-application-helloworld/robot_ws/src/hello_world_robot) by extensions ['colcon_pkg']
[2.383s] Level 1:colcon.colcon_core.package_identification:_identify(aws-robomaker-sample-application-helloworld/robot_ws/src/hello_world_robot) by extension 'colcon_pkg'
[2.383s] Level 1:colcon.colcon_core.package_identification:_identify(aws-robomaker-sample-application-helloworld/robot_ws/src/hello_world_robot) by extensions ['colcon_meta']
[2.384s] Level 1:colcon.colcon_core.package_identification:_identify(aws-robomaker-sample-application-helloworld/robot_ws/src/hello_world_robot) by extension 'colcon_meta'
[2.384s] Level 1:colcon.colcon_core.package_identification:_identify(aws-robomaker-sample-application-helloworld/robot_ws/src/hello_world_robot) by extensions ['ros']
[2.384s] Level 1:colcon.colcon_core.package_identification:_identify(aws-robomaker-sample-application-helloworld/robot_ws/src/hello_world_robot) by extension 'ros'
[2.390s] DEBUG:colcon.colcon_core.package_identification:Package 'aws-robomaker-sample-application-helloworld/robot_ws/src/hello_world_robot' with type 'ros.catkin' and name 'hello_world_robot'
[2.391s] Level 1:colcon.colcon_core.package_identification:_identify(aws-robomaker-sample-application-helloworld/scripts) by extensions ['ignore', 'ignore_ament_install']
[2.391s] Level 1:colcon.colcon_core.package_identification:_identify(aws-robomaker-sample-application-helloworld/scripts) by extension 'ignore'
[2.391s] Level 1:colcon.colcon_core.package_identification:_identify(aws-robomaker-sample-application-helloworld/scripts) by extension 'ignore_ament_install'
[2.391s] Level 1:colcon.colcon_core.package_identification:_identify(aws-robomaker-sample-application-helloworld/scripts) by extensions ['colcon_pkg']
[2.391s] Level 1:colcon.colcon_core.package_identification:_identify(aws-robomaker-sample-application-helloworld/scripts) by extension 'colcon_pkg'
[2.392s] Level 1:colcon.colcon_core.package_identification:_identify(aws-robomaker-sample-application-helloworld/scripts) by extensions ['colcon_meta']
[2.392s] Level 1:colcon.colcon_core.package_identification:_identify(aws-robomaker-sample-application-helloworld/scripts) by extension 'colcon_meta'
[2.392s] Level 1:colcon.colcon_core.package_identification:_identify(aws-robomaker-sample-application-helloworld/scripts) by extensions ['ros']
[2.392s] Level 1:colcon.colcon_core.package_identification:_identify(aws-robomaker-sample-application-helloworld/scripts) by extension 'ros'
[2.392s] Level 1:colcon.colcon_core.package_identification:_identify(aws-robomaker-sample-application-helloworld/scripts) by extensions ['cmake', 'python']
[2.392s] Level 1:colcon.colcon_core.package_identification:_identify(aws-robomaker-sample-application-helloworld/scripts) by extension 'cmake'
[2.392s] Level 1:colcon.colcon_core.package_identification:_identify(aws-robomaker-sample-application-helloworld/scripts) by extension 'python'
[2.392s] Level 1:colcon.colcon_core.package_identification:_identify(aws-robomaker-sample-application-helloworld/scripts) by extensions ['python_setup_py']
[2.393s] Level 1:colcon.colcon_core.package_identification:_identify(aws-robomaker-sample-application-helloworld/scripts) by extension 'python_setup_py'
[2.393s] Level 1:colcon.colcon_core.package_identification:_identify(aws-robomaker-sample-application-helloworld/simulation_ws) by extensions ['ignore', 'ignore_ament_install']
[2.393s] Level 1:colcon.colcon_core.package_identification:_identify(aws-robomaker-sample-application-helloworld/simulation_ws) by extension 'ignore'
[2.393s] Level 1:colcon.colcon_core.package_identification:_identify(aws-robomaker-sample-application-helloworld/simulation_ws) by extension 'ignore_ament_install'
[2.393s] Level 1:colcon.colcon_core.package_identification:_identify(aws-robomaker-sample-application-helloworld/simulation_ws) by extensions ['colcon_pkg']
[2.393s] Level 1:colcon.colcon_core.package_identification:_identify(aws-robomaker-sample-application-helloworld/simulation_ws) by extension 'colcon_pkg'
[2.394s] Level 1:colcon.colcon_core.package_identification:_identify(aws-robomaker-sample-application-helloworld/simulation_ws) by extensions ['colcon_meta']
[2.394s] Level 1:colcon.colcon_core.package_identification:_identify(aws-robomaker-sample-application-helloworld/simulation_ws) by extension 'colcon_meta'
[2.394s] Level 1:colcon.colcon_core.package_identification:_identify(aws-robomaker-sample-application-helloworld/simulation_ws) by extensions ['ros']
[2.394s] Level 1:colcon.colcon_core.package_identification:_identify(aws-robomaker-sample-application-helloworld/simulation_ws) by extension 'ros'
[2.394s] Level 1:colcon.colcon_core.package_identification:_identify(aws-robomaker-sample-application-helloworld/simulation_ws) by extensions ['cmake', 'python']
[2.394s] Level 1:colcon.colcon_core.package_identification:_identify(aws-robomaker-sample-application-helloworld/simulation_ws) by extension 'cmake'
[2.394s] Level 1:colcon.colcon_core.package_identification:_identify(aws-robomaker-sample-application-helloworld/simulation_ws) by extension 'python'
[2.394s] Level 1:colcon.colcon_core.package_identification:_identify(aws-robomaker-sample-application-helloworld/simulation_ws) by extensions ['python_setup_py']
[2.394s] Level 1:colcon.colcon_core.package_identification:_identify(aws-robomaker-sample-application-helloworld/simulation_ws) by extension 'python_setup_py'
[2.395s] Level 1:colcon.colcon_core.package_identification:_identify(aws-robomaker-sample-application-helloworld/simulation_ws/build) by extensions ['ignore', 'ignore_ament_install']
[2.395s] Level 1:colcon.colcon_core.package_identification:_identify(aws-robomaker-sample-application-helloworld/simulation_ws/build) by extension 'ignore'
[2.395s] Level 1:colcon.colcon_core.package_identification:_identify(aws-robomaker-sample-application-helloworld/simulation_ws/build) ignored
[2.395s] Level 1:colcon.colcon_core.package_identification:_identify(aws-robomaker-sample-application-helloworld/simulation_ws/install) by extensions ['ignore', 'ignore_ament_install']
[2.395s] Level 1:colcon.colcon_core.package_identification:_identify(aws-robomaker-sample-application-helloworld/simulation_ws/install) by extension 'ignore'
[2.395s] Level 1:colcon.colcon_core.package_identification:_identify(aws-robomaker-sample-application-helloworld/simulation_ws/install) ignored
[2.396s] Level 1:colcon.colcon_core.package_identification:_identify(aws-robomaker-sample-application-helloworld/simulation_ws/log) by extensions ['ignore', 'ignore_ament_install']
[2.396s] Level 1:colcon.colcon_core.package_identification:_identify(aws-robomaker-sample-application-helloworld/simulation_ws/log) by extension 'ignore'
[2.396s] Level 1:colcon.colcon_core.package_identification:_identify(aws-robomaker-sample-application-helloworld/simulation_ws/log) ignored
[2.396s] Level 1:colcon.colcon_core.package_identification:_identify(aws-robomaker-sample-application-helloworld/simulation_ws/src) by extensions ['ignore', 'ignore_ament_install']
[2.397s] Level 1:colcon.colcon_core.package_identification:_identify(aws-robomaker-sample-application-helloworld/simulation_ws/src) by extension 'ignore'
[2.397s] Level 1:colcon.colcon_core.package_identification:_identify(aws-robomaker-sample-application-helloworld/simulation_ws/src) by extension 'ignore_ament_install'
[2.397s] Level 1:colcon.colcon_core.package_identification:_identify(aws-robomaker-sample-application-helloworld/simulation_ws/src) by extensions ['colcon_pkg']
[2.397s] Level 1:colcon.colcon_core.package_identification:_identify(aws-robomaker-sample-application-helloworld/simulation_ws/src) by extension 'colcon_pkg'
[2.397s] Level 1:colcon.colcon_core.package_identification:_identify(aws-robomaker-sample-application-helloworld/simulation_ws/src) by extensions ['colcon_meta']
[2.398s] Level 1:colcon.colcon_core.package_identification:_identify(aws-robomaker-sample-application-helloworld/simulation_ws/src) by extension 'colcon_meta'
[2.398s] Level 1:colcon.colcon_core.package_identification:_identify(aws-robomaker-sample-application-helloworld/simulation_ws/src) by extensions ['ros']
[2.398s] Level 1:colcon.colcon_core.package_identification:_identify(aws-robomaker-sample-application-helloworld/simulation_ws/src) by extension 'ros'
[2.398s] Level 1:colcon.colcon_core.package_identification:_identify(aws-robomaker-sample-application-helloworld/simulation_ws/src) by extensions ['cmake', 'python']
[2.398s] Level 1:colcon.colcon_core.package_identification:_identify(aws-robomaker-sample-application-helloworld/simulation_ws/src) by extension 'cmake'
[2.398s] Level 1:colcon.colcon_core.package_identification:_identify(aws-robomaker-sample-application-helloworld/simulation_ws/src) by extension 'python'
[2.399s] Level 1:colcon.colcon_core.package_identification:_identify(aws-robomaker-sample-application-helloworld/simulation_ws/src) by extensions ['python_setup_py']
[2.399s] Level 1:colcon.colcon_core.package_identification:_identify(aws-robomaker-sample-application-helloworld/simulation_ws/src) by extension 'python_setup_py'
[2.399s] Level 1:colcon.colcon_core.package_identification:_identify(aws-robomaker-sample-application-helloworld/simulation_ws/src/build) by extensions ['ignore', 'ignore_ament_install']
[2.400s] Level 1:colcon.colcon_core.package_identification:_identify(aws-robomaker-sample-application-helloworld/simulation_ws/src/build) by extension 'ignore'
[2.400s] Level 1:colcon.colcon_core.package_identification:_identify(aws-robomaker-sample-application-helloworld/simulation_ws/src/build) ignored
[2.400s] Level 1:colcon.colcon_core.package_identification:_identify(aws-robomaker-sample-application-helloworld/simulation_ws/src/deps) by extensions ['ignore', 'ignore_ament_install']
[2.401s] Level 1:colcon.colcon_core.package_identification:_identify(aws-robomaker-sample-application-helloworld/simulation_ws/src/deps) by extension 'ignore'
[2.401s] Level 1:colcon.colcon_core.package_identification:_identify(aws-robomaker-sample-application-helloworld/simulation_ws/src/deps) by extension 'ignore_ament_install'
[2.401s] Level 1:colcon.colcon_core.package_identification:_identify(aws-robomaker-sample-application-helloworld/simulation_ws/src/deps) by extensions ['colcon_pkg']
[2.401s] Level 1:colcon.colcon_core.package_identification:_identify(aws-robomaker-sample-application-helloworld/simulation_ws/src/deps) by extension 'colcon_pkg'
[2.401s] Level 1:colcon.colcon_core.package_identification:_identify(aws-robomaker-sample-application-helloworld/simulation_ws/src/deps) by extensions ['colcon_meta']
[2.401s] Level 1:colcon.colcon_core.package_identification:_identify(aws-robomaker-sample-application-helloworld/simulation_ws/src/deps) by extension 'colcon_meta'
[2.402s] Level 1:colcon.colcon_core.package_identification:_identify(aws-robomaker-sample-application-helloworld/simulation_ws/src/deps) by extensions ['ros']
[2.402s] Level 1:colcon.colcon_core.package_identification:_identify(aws-robomaker-sample-application-helloworld/simulation_ws/src/deps) by extension 'ros'
[2.402s] Level 1:colcon.colcon_core.package_identification:_identify(aws-robomaker-sample-application-helloworld/simulation_ws/src/deps) by extensions ['cmake', 'python']
[2.402s] Level 1:colcon.colcon_core.package_identification:_identify(aws-robomaker-sample-application-helloworld/simulation_ws/src/deps) by extension 'cmake'
[2.402s] Level 1:colcon.colcon_core.package_identification:_identify(aws-robomaker-sample-application-helloworld/simulation_ws/src/deps) by extension 'python'
[2.402s] Level 1:colcon.colcon_core.package_identification:_identify(aws-robomaker-sample-application-helloworld/simulation_ws/src/deps) by extensions ['python_setup_py']
[2.402s] Level 1:colcon.colcon_core.package_identification:_identify(aws-robomaker-sample-application-helloworld/simulation_ws/src/deps) by extension 'python_setup_py'
[2.403s] Level 1:colcon.colcon_core.package_identification:_identify(aws-robomaker-sample-application-helloworld/simulation_ws/src/hello_world_simulation) by extensions ['ignore', 'ignore_ament_install']
[2.403s] Level 1:colcon.colcon_core.package_identification:_identify(aws-robomaker-sample-application-helloworld/simulation_ws/src/hello_world_simulation) by extension 'ignore'
[2.403s] Level 1:colcon.colcon_core.package_identification:_identify(aws-robomaker-sample-application-helloworld/simulation_ws/src/hello_world_simulation) by extension 'ignore_ament_install'
[2.403s] Level 1:colcon.colcon_core.package_identification:_identify(aws-robomaker-sample-application-helloworld/simulation_ws/src/hello_world_simulation) by extensions ['colcon_pkg']
[2.403s] Level 1:colcon.colcon_core.package_identification:_identify(aws-robomaker-sample-application-helloworld/simulation_ws/src/hello_world_simulation) by extension 'colcon_pkg'
[2.404s] Level 1:colcon.colcon_core.package_identification:_identify(aws-robomaker-sample-application-helloworld/simulation_ws/src/hello_world_simulation) by extensions ['colcon_meta']
[2.404s] Level 1:colcon.colcon_core.package_identification:_identify(aws-robomaker-sample-application-helloworld/simulation_ws/src/hello_world_simulation) by extension 'colcon_meta'
[2.404s] Level 1:colcon.colcon_core.package_identification:_identify(aws-robomaker-sample-application-helloworld/simulation_ws/src/hello_world_simulation) by extensions ['ros']
[2.404s] Level 1:colcon.colcon_core.package_identification:_identify(aws-robomaker-sample-application-helloworld/simulation_ws/src/hello_world_simulation) by extension 'ros'
[2.406s] DEBUG:colcon.colcon_core.package_identification:Package 'aws-robomaker-sample-application-helloworld/simulation_ws/src/hello_world_simulation' with type 'ros.catkin' and name 'hello_world_simulation'
[2.406s] Level 1:colcon.colcon_core.package_identification:_identify(aws-robomaker-sample-application-helloworld/simulation_ws/src/install) by extensions ['ignore', 'ignore_ament_install']
[2.407s] Level 1:colcon.colcon_core.package_identification:_identify(aws-robomaker-sample-application-helloworld/simulation_ws/src/install) by extension 'ignore'
[2.407s] Level 1:colcon.colcon_core.package_identification:_identify(aws-robomaker-sample-application-helloworld/simulation_ws/src/install) ignored
[2.407s] Level 1:colcon.colcon_core.package_identification:_identify(aws-robomaker-sample-application-helloworld/simulation_ws/src/log) by extensions ['ignore', 'ignore_ament_install']
[2.407s] Level 1:colcon.colcon_core.package_identification:_identify(aws-robomaker-sample-application-helloworld/simulation_ws/src/log) by extension 'ignore'
[2.407s] Level 1:colcon.colcon_core.package_identification:_identify(aws-robomaker-sample-application-helloworld/simulation_ws/src/log) ignored
[2.408s] Level 1:colcon.colcon_core.package_identification:_identify(build) by extensions ['ignore', 'ignore_ament_install']
[2.408s] Level 1:colcon.colcon_core.package_identification:_identify(build) by extension 'ignore'
[2.408s] Level 1:colcon.colcon_core.package_identification:_identify(build) ignored
[2.408s] Level 1:colcon.colcon_core.package_identification:_identify(install) by extensions ['ignore', 'ignore_ament_install']
[2.408s] Level 1:colcon.colcon_core.package_identification:_identify(install) by extension 'ignore'
[2.408s] Level 1:colcon.colcon_core.package_identification:_identify(install) ignored
[2.409s] Level 1:colcon.colcon_core.package_identification:_identify(lab_challenge_1) by extensions ['ignore', 'ignore_ament_install']
[2.409s] Level 1:colcon.colcon_core.package_identification:_identify(lab_challenge_1) by extension 'ignore'
[2.409s] Level 1:colcon.colcon_core.package_identification:_identify(lab_challenge_1) by extension 'ignore_ament_install'
[2.409s] Level 1:colcon.colcon_core.package_identification:_identify(lab_challenge_1) by extensions ['colcon_pkg']
[2.409s] Level 1:colcon.colcon_core.package_identification:_identify(lab_challenge_1) by extension 'colcon_pkg'
[2.409s] Level 1:colcon.colcon_core.package_identification:_identify(lab_challenge_1) by extensions ['colcon_meta']
[2.409s] Level 1:colcon.colcon_core.package_identification:_identify(lab_challenge_1) by extension 'colcon_meta'
[2.410s] Level 1:colcon.colcon_core.package_identification:_identify(lab_challenge_1) by extensions ['ros']
[2.410s] Level 1:colcon.colcon_core.package_identification:_identify(lab_challenge_1) by extension 'ros'
[2.411s] DEBUG:colcon.colcon_core.package_identification:Package 'lab_challenge_1' with type 'ros.catkin' and name 'lab_challenge_1'
[2.411s] Level 1:colcon.colcon_core.package_identification:_identify(log) by extensions ['ignore', 'ignore_ament_install']
[2.412s] Level 1:colcon.colcon_core.package_identification:_identify(log) by extension 'ignore'
[2.412s] Level 1:colcon.colcon_core.package_identification:_identify(log) ignored
[2.412s] Level 1:colcon.colcon_core.package_identification:_identify(turtlebot3) by extensions ['ignore', 'ignore_ament_install']
[2.412s] Level 1:colcon.colcon_core.package_identification:_identify(turtlebot3) by extension 'ignore'
[2.412s] Level 1:colcon.colcon_core.package_identification:_identify(turtlebot3) by extension 'ignore_ament_install'
[2.412s] Level 1:colcon.colcon_core.package_identification:_identify(turtlebot3) by extensions ['colcon_pkg']
[2.413s] Level 1:colcon.colcon_core.package_identification:_identify(turtlebot3) by extension 'colcon_pkg'
[2.413s] Level 1:colcon.colcon_core.package_identification:_identify(turtlebot3) by extensions ['colcon_meta']
[2.413s] Level 1:colcon.colcon_core.package_identification:_identify(turtlebot3) by extension 'colcon_meta'
[2.413s] Level 1:colcon.colcon_core.package_identification:_identify(turtlebot3) by extensions ['ros']
[2.413s] Level 1:colcon.colcon_core.package_identification:_identify(turtlebot3) by extension 'ros'
[2.413s] Level 1:colcon.colcon_core.package_identification:_identify(turtlebot3) by extensions ['cmake', 'python']
[2.413s] Level 1:colcon.colcon_core.package_identification:_identify(turtlebot3) by extension 'cmake'
[2.413s] Level 1:colcon.colcon_core.package_identification:_identify(turtlebot3) by extension 'python'
[2.414s] Level 1:colcon.colcon_core.package_identification:_identify(turtlebot3) by extensions ['python_setup_py']
[2.414s] Level 1:colcon.colcon_core.package_identification:_identify(turtlebot3) by extension 'python_setup_py'
[2.414s] Level 1:colcon.colcon_core.package_identification:_identify(turtlebot3/turtlebot3) by extensions ['ignore', 'ignore_ament_install']
[2.415s] Level 1:colcon.colcon_core.package_identification:_identify(turtlebot3/turtlebot3) by extension 'ignore'
[2.415s] Level 1:colcon.colcon_core.package_identification:_identify(turtlebot3/turtlebot3) by extension 'ignore_ament_install'
[2.415s] Level 1:colcon.colcon_core.package_identification:_identify(turtlebot3/turtlebot3) by extensions ['colcon_pkg']
[2.415s] Level 1:colcon.colcon_core.package_identification:_identify(turtlebot3/turtlebot3) by extension 'colcon_pkg'
[2.415s] Level 1:colcon.colcon_core.package_identification:_identify(turtlebot3/turtlebot3) by extensions ['colcon_meta']
[2.415s] Level 1:colcon.colcon_core.package_identification:_identify(turtlebot3/turtlebot3) by extension 'colcon_meta'
[2.415s] Level 1:colcon.colcon_core.package_identification:_identify(turtlebot3/turtlebot3) by extensions ['ros']
[2.416s] Level 1:colcon.colcon_core.package_identification:_identify(turtlebot3/turtlebot3) by extension 'ros'
[2.418s] DEBUG:colcon.colcon_core.package_identification:Package 'turtlebot3/turtlebot3' with type 'ros.catkin' and name 'turtlebot3'
[2.418s] Level 1:colcon.colcon_core.package_identification:_identify(turtlebot3/turtlebot3_bringup) by extensions ['ignore', 'ignore_ament_install']
[2.419s] Level 1:colcon.colcon_core.package_identification:_identify(turtlebot3/turtlebot3_bringup) by extension 'ignore'
[2.419s] Level 1:colcon.colcon_core.package_identification:_identify(turtlebot3/turtlebot3_bringup) by extension 'ignore_ament_install'
[2.419s] Level 1:colcon.colcon_core.package_identification:_identify(turtlebot3/turtlebot3_bringup) by extensions ['colcon_pkg']
[2.419s] Level 1:colcon.colcon_core.package_identification:_identify(turtlebot3/turtlebot3_bringup) by extension 'colcon_pkg'
[2.419s] Level 1:colcon.colcon_core.package_identification:_identify(turtlebot3/turtlebot3_bringup) by extensions ['colcon_meta']
[2.420s] Level 1:colcon.colcon_core.package_identification:_identify(turtlebot3/turtlebot3_bringup) by extension 'colcon_meta'
[2.420s] Level 1:colcon.colcon_core.package_identification:_identify(turtlebot3/turtlebot3_bringup) by extensions ['ros']
[2.420s] Level 1:colcon.colcon_core.package_identification:_identify(turtlebot3/turtlebot3_bringup) by extension 'ros'
[2.424s] DEBUG:colcon.colcon_core.package_identification:Package 'turtlebot3/turtlebot3_bringup' with type 'ros.catkin' and name 'turtlebot3_bringup'
[2.424s] Level 1:colcon.colcon_core.package_identification:_identify(turtlebot3/turtlebot3_description) by extensions ['ignore', 'ignore_ament_install']
[2.424s] Level 1:colcon.colcon_core.package_identification:_identify(turtlebot3/turtlebot3_description) by extension 'ignore'
[2.425s] Level 1:colcon.colcon_core.package_identification:_identify(turtlebot3/turtlebot3_description) by extension 'ignore_ament_install'
[2.425s] Level 1:colcon.colcon_core.package_identification:_identify(turtlebot3/turtlebot3_description) by extensions ['colcon_pkg']
[2.425s] Level 1:colcon.colcon_core.package_identification:_identify(turtlebot3/turtlebot3_description) by extension 'colcon_pkg'
[2.425s] Level 1:colcon.colcon_core.package_identification:_identify(turtlebot3/turtlebot3_description) by extensions ['colcon_meta']
[2.425s] Level 1:colcon.colcon_core.package_identification:_identify(turtlebot3/turtlebot3_description) by extension 'colcon_meta'
[2.425s] Level 1:colcon.colcon_core.package_identification:_identify(turtlebot3/turtlebot3_description) by extensions ['ros']
[2.425s] Level 1:colcon.colcon_core.package_identification:_identify(turtlebot3/turtlebot3_description) by extension 'ros'
[2.427s] DEBUG:colcon.colcon_core.package_identification:Package 'turtlebot3/turtlebot3_description' with type 'ros.catkin' and name 'turtlebot3_description'
[2.427s] Level 1:colcon.colcon_core.package_identification:_identify(turtlebot3/turtlebot3_example) by extensions ['ignore', 'ignore_ament_install']
[2.428s] Level 1:colcon.colcon_core.package_identification:_identify(turtlebot3/turtlebot3_example) by extension 'ignore'
[2.428s] Level 1:colcon.colcon_core.package_identification:_identify(turtlebot3/turtlebot3_example) by extension 'ignore_ament_install'
[2.428s] Level 1:colcon.colcon_core.package_identification:_identify(turtlebot3/turtlebot3_example) by extensions ['colcon_pkg']
[2.428s] Level 1:colcon.colcon_core.package_identification:_identify(turtlebot3/turtlebot3_example) by extension 'colcon_pkg'
[2.428s] Level 1:colcon.colcon_core.package_identification:_identify(turtlebot3/turtlebot3_example) by extensions ['colcon_meta']
[2.428s] Level 1:colcon.colcon_core.package_identification:_identify(turtlebot3/turtlebot3_example) by extension 'colcon_meta'
[2.428s] Level 1:colcon.colcon_core.package_identification:_identify(turtlebot3/turtlebot3_example) by extensions ['ros']
[2.428s] Level 1:colcon.colcon_core.package_identification:_identify(turtlebot3/turtlebot3_example) by extension 'ros'
[2.432s] DEBUG:colcon.colcon_core.package_identification:Package 'turtlebot3/turtlebot3_example' with type 'ros.catkin' and name 'turtlebot3_example'
[2.432s] Level 1:colcon.colcon_core.package_identification:_identify(turtlebot3/turtlebot3_navigation) by extensions ['ignore', 'ignore_ament_install']
[2.433s] Level 1:colcon.colcon_core.package_identification:_identify(turtlebot3/turtlebot3_navigation) by extension 'ignore'
[2.433s] Level 1:colcon.colcon_core.package_identification:_identify(turtlebot3/turtlebot3_navigation) by extension 'ignore_ament_install'
[2.433s] Level 1:colcon.colcon_core.package_identification:_identify(turtlebot3/turtlebot3_navigation) by extensions ['colcon_pkg']
[2.433s] Level 1:colcon.colcon_core.package_identification:_identify(turtlebot3/turtlebot3_navigation) by extension 'colcon_pkg'
[2.433s] Level 1:colcon.colcon_core.package_identification:_identify(turtlebot3/turtlebot3_navigation) by extensions ['colcon_meta']
[2.433s] Level 1:colcon.colcon_core.package_identification:_identify(turtlebot3/turtlebot3_navigation) by extension 'colcon_meta'
[2.433s] Level 1:colcon.colcon_core.package_identification:_identify(turtlebot3/turtlebot3_navigation) by extensions ['ros']
[2.434s] Level 1:colcon.colcon_core.package_identification:_identify(turtlebot3/turtlebot3_navigation) by extension 'ros'
[2.435s] DEBUG:colcon.colcon_core.package_identification:Package 'turtlebot3/turtlebot3_navigation' with type 'ros.catkin' and name 'turtlebot3_navigation'
[2.435s] Level 1:colcon.colcon_core.package_identification:_identify(turtlebot3/turtlebot3_slam) by extensions ['ignore', 'ignore_ament_install']
[2.435s] Level 1:colcon.colcon_core.package_identification:_identify(turtlebot3/turtlebot3_slam) by extension 'ignore'
[2.435s] Level 1:colcon.colcon_core.package_identification:_identify(turtlebot3/turtlebot3_slam) by extension 'ignore_ament_install'
[2.436s] Level 1:colcon.colcon_core.package_identification:_identify(turtlebot3/turtlebot3_slam) by extensions ['colcon_pkg']
[2.436s] Level 1:colcon.colcon_core.package_identification:_identify(turtlebot3/turtlebot3_slam) by extension 'colcon_pkg'
[2.436s] Level 1:colcon.colcon_core.package_identification:_identify(turtlebot3/turtlebot3_slam) by extensions ['colcon_meta']
[2.436s] Level 1:colcon.colcon_core.package_identification:_identify(turtlebot3/turtlebot3_slam) by extension 'colcon_meta'
[2.436s] Level 1:colcon.colcon_core.package_identification:_identify(turtlebot3/turtlebot3_slam) by extensions ['ros']
[2.436s] Level 1:colcon.colcon_core.package_identification:_identify(turtlebot3/turtlebot3_slam) by extension 'ros'
[2.437s] DEBUG:colcon.colcon_core.package_identification:Package 'turtlebot3/turtlebot3_slam' with type 'ros.catkin' and name 'turtlebot3_slam'
[2.438s] Level 1:colcon.colcon_core.package_identification:_identify(turtlebot3/turtlebot3_teleop) by extensions ['ignore', 'ignore_ament_install']
[2.438s] Level 1:colcon.colcon_core.package_identification:_identify(turtlebot3/turtlebot3_teleop) by extension 'ignore'
[2.438s] Level 1:colcon.colcon_core.package_identification:_identify(turtlebot3/turtlebot3_teleop) by extension 'ignore_ament_install'
[2.438s] Level 1:colcon.colcon_core.package_identification:_identify(turtlebot3/turtlebot3_teleop) by extensions ['colcon_pkg']
[2.438s] Level 1:colcon.colcon_core.package_identification:_identify(turtlebot3/turtlebot3_teleop) by extension 'colcon_pkg'
[2.438s] Level 1:colcon.colcon_core.package_identification:_identify(turtlebot3/turtlebot3_teleop) by extensions ['colcon_meta']
[2.438s] Level 1:colcon.colcon_core.package_identification:_identify(turtlebot3/turtlebot3_teleop) by extension 'colcon_meta'
[2.438s] Level 1:colcon.colcon_core.package_identification:_identify(turtlebot3/turtlebot3_teleop) by extensions ['ros']
[2.439s] Level 1:colcon.colcon_core.package_identification:_identify(turtlebot3/turtlebot3_teleop) by extension 'ros'
[2.440s] DEBUG:colcon.colcon_core.package_identification:Package 'turtlebot3/turtlebot3_teleop' with type 'ros.catkin' and name 'turtlebot3_teleop'
[2.440s] Level 1:colcon.colcon_core.package_identification:_identify(turtlebot3_msgs) by extensions ['ignore', 'ignore_ament_install']
[2.440s] Level 1:colcon.colcon_core.package_identification:_identify(turtlebot3_msgs) by extension 'ignore'
[2.441s] Level 1:colcon.colcon_core.package_identification:_identify(turtlebot3_msgs) by extension 'ignore_ament_install'
[2.441s] Level 1:colcon.colcon_core.package_identification:_identify(turtlebot3_msgs) by extensions ['colcon_pkg']
[2.441s] Level 1:colcon.colcon_core.package_identification:_identify(turtlebot3_msgs) by extension 'colcon_pkg'
[2.441s] Level 1:colcon.colcon_core.package_identification:_identify(turtlebot3_msgs) by extensions ['colcon_meta']
[2.441s] Level 1:colcon.colcon_core.package_identification:_identify(turtlebot3_msgs) by extension 'colcon_meta'
[2.441s] Level 1:colcon.colcon_core.package_identification:_identify(turtlebot3_msgs) by extensions ['ros']
[2.441s] Level 1:colcon.colcon_core.package_identification:_identify(turtlebot3_msgs) by extension 'ros'
[2.442s] DEBUG:colcon.colcon_core.package_identification:Package 'turtlebot3_msgs' with type 'ros.catkin' and name 'turtlebot3_msgs'
[2.443s] Level 1:colcon.colcon_core.package_identification:_identify(turtlebot3_simulations) by extensions ['ignore', 'ignore_ament_install']
[2.443s] Level 1:colcon.colcon_core.package_identification:_identify(turtlebot3_simulations) by extension 'ignore'
[2.443s] Level 1:colcon.colcon_core.package_identification:_identify(turtlebot3_simulations) by extension 'ignore_ament_install'
[2.443s] Level 1:colcon.colcon_core.package_identification:_identify(turtlebot3_simulations) by extensions ['colcon_pkg']
[2.443s] Level 1:colcon.colcon_core.package_identification:_identify(turtlebot3_simulations) by extension 'colcon_pkg'
[2.443s] Level 1:colcon.colcon_core.package_identification:_identify(turtlebot3_simulations) by extensions ['colcon_meta']
[2.443s] Level 1:colcon.colcon_core.package_identification:_identify(turtlebot3_simulations) by extension 'colcon_meta'
[2.444s] Level 1:colcon.colcon_core.package_identification:_identify(turtlebot3_simulations) by extensions ['ros']
[2.444s] Level 1:colcon.colcon_core.package_identification:_identify(turtlebot3_simulations) by extension 'ros'
[2.444s] Level 1:colcon.colcon_core.package_identification:_identify(turtlebot3_simulations) by extensions ['cmake', 'python']
[2.444s] Level 1:colcon.colcon_core.package_identification:_identify(turtlebot3_simulations) by extension 'cmake'
[2.444s] Level 1:colcon.colcon_core.package_identification:_identify(turtlebot3_simulations) by extension 'python'
[2.444s] Level 1:colcon.colcon_core.package_identification:_identify(turtlebot3_simulations) by extensions ['python_setup_py']
[2.444s] Level 1:colcon.colcon_core.package_identification:_identify(turtlebot3_simulations) by extension 'python_setup_py'
[2.444s] Level 1:colcon.colcon_core.package_identification:_identify(turtlebot3_simulations/turtlebot3_fake) by extensions ['ignore', 'ignore_ament_install']
[2.445s] Level 1:colcon.colcon_core.package_identification:_identify(turtlebot3_simulations/turtlebot3_fake) by extension 'ignore'
[2.445s] Level 1:colcon.colcon_core.package_identification:_identify(turtlebot3_simulations/turtlebot3_fake) by extension 'ignore_ament_install'
[2.445s] Level 1:colcon.colcon_core.package_identification:_identify(turtlebot3_simulations/turtlebot3_fake) by extensions ['colcon_pkg']
[2.445s] Level 1:colcon.colcon_core.package_identification:_identify(turtlebot3_simulations/turtlebot3_fake) by extension 'colcon_pkg'
[2.446s] Level 1:colcon.colcon_core.package_identification:_identify(turtlebot3_simulations/turtlebot3_fake) by extensions ['colcon_meta']
[2.446s] Level 1:colcon.colcon_core.package_identification:_identify(turtlebot3_simulations/turtlebot3_fake) by extension 'colcon_meta'
[2.446s] Level 1:colcon.colcon_core.package_identification:_identify(turtlebot3_simulations/turtlebot3_fake) by extensions ['ros']
[2.446s] Level 1:colcon.colcon_core.package_identification:_identify(turtlebot3_simulations/turtlebot3_fake) by extension 'ros'
[2.449s] DEBUG:colcon.colcon_core.package_identification:Package 'turtlebot3_simulations/turtlebot3_fake' with type 'ros.catkin' and name 'turtlebot3_fake'
[2.450s] Level 1:colcon.colcon_core.package_identification:_identify(turtlebot3_simulations/turtlebot3_gazebo) by extensions ['ignore', 'ignore_ament_install']
[2.450s] Level 1:colcon.colcon_core.package_identification:_identify(turtlebot3_simulations/turtlebot3_gazebo) by extension 'ignore'
[2.450s] Level 1:colcon.colcon_core.package_identification:_identify(turtlebot3_simulations/turtlebot3_gazebo) by extension 'ignore_ament_install'
[2.451s] Level 1:colcon.colcon_core.package_identification:_identify(turtlebot3_simulations/turtlebot3_gazebo) by extensions ['colcon_pkg']
[2.451s] Level 1:colcon.colcon_core.package_identification:_identify(turtlebot3_simulations/turtlebot3_gazebo) by extension 'colcon_pkg'
[2.451s] Level 1:colcon.colcon_core.package_identification:_identify(turtlebot3_simulations/turtlebot3_gazebo) by extensions ['colcon_meta']
[2.451s] Level 1:colcon.colcon_core.package_identification:_identify(turtlebot3_simulations/turtlebot3_gazebo) by extension 'colcon_meta'
[2.451s] Level 1:colcon.colcon_core.package_identification:_identify(turtlebot3_simulations/turtlebot3_gazebo) by extensions ['ros']
[2.451s] Level 1:colcon.colcon_core.package_identification:_identify(turtlebot3_simulations/turtlebot3_gazebo) by extension 'ros'
[2.454s] DEBUG:colcon.colcon_core.package_identification:Package 'turtlebot3_simulations/turtlebot3_gazebo' with type 'ros.catkin' and name 'turtlebot3_gazebo'
[2.454s] Level 1:colcon.colcon_core.package_identification:_identify(turtlebot3_simulations/turtlebot3_simulations) by extensions ['ignore', 'ignore_ament_install']
[2.454s] Level 1:colcon.colcon_core.package_identification:_identify(turtlebot3_simulations/turtlebot3_simulations) by extension 'ignore'
[2.454s] Level 1:colcon.colcon_core.package_identification:_identify(turtlebot3_simulations/turtlebot3_simulations) by extension 'ignore_ament_install'
[2.455s] Level 1:colcon.colcon_core.package_identification:_identify(turtlebot3_simulations/turtlebot3_simulations) by extensions ['colcon_pkg']
[2.455s] Level 1:colcon.colcon_core.package_identification:_identify(turtlebot3_simulations/turtlebot3_simulations) by extension 'colcon_pkg'
[2.455s] Level 1:colcon.colcon_core.package_identification:_identify(turtlebot3_simulations/turtlebot3_simulations) by extensions ['colcon_meta']
[2.455s] Level 1:colcon.colcon_core.package_identification:_identify(turtlebot3_simulations/turtlebot3_simulations) by extension 'colcon_meta'
[2.455s] Level 1:colcon.colcon_core.package_identification:_identify(turtlebot3_simulations/turtlebot3_simulations) by extensions ['ros']
[2.455s] Level 1:colcon.colcon_core.package_identification:_identify(turtlebot3_simulations/turtlebot3_simulations) by extension 'ros'
[2.456s] DEBUG:colcon.colcon_core.package_identification:Package 'turtlebot3_simulations/turtlebot3_simulations' with type 'ros.catkin' and name 'turtlebot3_simulations'
[2.456s] Level 1:colcon.colcon_core.package_discovery:discover_packages(recursive) using defaults
[2.457s] Level 1:colcon.colcon_core.package_discovery:discover_packages(ignore) discover
[2.457s] Level 1:colcon.colcon_core.package_discovery:discover_packages(ignore) using defaults
[2.457s] Level 1:colcon.colcon_core.package_discovery:discover_packages(path) discover
[2.457s] Level 1:colcon.colcon_core.package_discovery:discover_packages(path) using defaults
[2.562s] ERROR:colcon:colcon build: Duplicate package names not supported:
- hello_world_robot:
  - Robotic_lab_challenge_ws/challenge1/aws-robomaker-sample-application-helloworld/robot_ws/src/hello_world_robot
  - aws-robomaker-sample-application-helloworld/robot_ws/src/hello_world_robot
- hello_world_simulation:
  - Robotic_lab_challenge_ws/challenge1/aws-robomaker-sample-application-helloworld/simulation_ws/src/hello_world_simulation
  - aws-robomaker-sample-application-helloworld/simulation_ws/src/hello_world_simulation
- turtlebot3_description_reduced_mesh:
  - Robotic_lab_challenge_ws/challenge1/aws-robomaker-sample-application-helloworld/robot_ws/src/deps/turtlebot3-description-reduced-mesh
  - aws-robomaker-sample-application-helloworld/robot_ws/src/deps/turtlebot3-description-reduced-mesh
